<?xml version="1.0" encoding="utf-8"?>
<TestRun id="5e7ca1de-26c2-41e5-9111-b6557dab5b3b" name="MatthiasH@ISNL-5NP8Q14 2026-06-03 15:11:59" runUser="CRONOS\MatthiasH" xmlns="http://microsoft.com/schemas/VisualStudio/TeamTest/2010">
  <Times creation="2026-06-03T15:11:59.1663977+02:00" queuing="2026-06-03T15:11:59.1663978+02:00" start="2026-06-03T15:11:58.5992272+02:00" finish="2026-06-03T15:12:13.8598373+02:00" />
  <TestSettings name="default" id="2248e980-11e7-4639-bd10-de8c9f08c7b7">
    <Deployment runDeploymentRoot="MatthiasH_ISNL-5NP8Q14_2026-06-03_15_11_59" />
  </TestSettings>
  <Results>
    <UnitTestResult executionId="e6794fc2-64c2-46db-b51b-5bdc2af27e01" testId="13a69cfd-155c-8b48-a2cb-b42c574dd100" testName="WriteAsync_SanitizesCredentialPatterns_ConnectionString" computerName="ISNL-5NP8Q14" duration="00:00:00.0497075" startTime="2026-06-03T15:11:59.2315989+02:00" endTime="2026-06-03T15:11:59.2814274+02:00" testType="13cdc9d9-ddb5-4fa4-a97d-d965ccfc6d4b" outcome="Passed" testListId="8c84fa94-04c1-424b-9868-57a2d4851a1d" relativeResultsDirectory="e6794fc2-64c2-46db-b51b-5bdc2af27e01" />
    <UnitTestResult executionId="0e6dcd9a-77a0-4af0-9b5e-8607a18339a4" testId="1ea2d833-efbf-8b4d-82e6-2c683f47adb3" testName="ValidateAsync_ReturnsInvalid_ForHttpScheme" computerName="ISNL-5NP8Q14" duration="00:00:00.0018261" startTime="2026-06-03T15:11:59.7678621+02:00" endTime="2026-06-03T15:11:59.7697328+02:00" testType="13cdc9d9-ddb5-4fa4-a97d-d965ccfc6d4b" outcome="Passed" testListId="8c84fa94-04c1-424b-9868-57a2d4851a1d" relativeResultsDirectory="0e6dcd9a-77a0-4af0-9b5e-8607a18339a4" />
    <UnitTestResult executionId="0765f598-0095-44da-8420-c17fe25a8b67" testId="1c21fc72-565d-87fb-af95-002ecbcde40c" testName="GetStatus_ReturnsUnauthorized_WhenNotAuthenticated" computerName="ISNL-5NP8Q14" duration="00:00:00.1210451" startTime="2026-06-03T15:12:13.4882647+02:00" endTime="2026-06-03T15:12:13.6094205+02:00" testType="13cdc9d9-ddb5-4fa4-a97d-d965ccfc6d4b" outcome="Passed" testListId="8c84fa94-04c1-424b-9868-57a2d4851a1d" relativeResultsDirectory="0765f598-0095-44da-8420-c17fe25a8b67">
      <Output>
        <StdOut>[15:12:13 INF] Loading plugin assemblies from folder&#xD;
[15:12:13 INF] DataProtection keys will be persisted to PostgreSQL via AppDbContext. Ensure the database is available and migrations have run before the first OIDC request.&#xD;
[15:12:13 INF] Registered calendar source plugin&#xD;
[15:12:13 INF] Registered calendar source plugin&#xD;
[15:12:13 WRN] Peer transport security is configured to allow self-signed certificates. Use this only for development or staging environments.</StdOut>
      </Output>
    </UnitTestResult>
    <UnitTestResult executionId="6d00472b-7a15-4ddb-97bb-67192f4ebf0f" testId="1b4ea5b4-4071-859a-8aea-de4b12343a2c" testName="PushShadowSlots_WithInvalidApiKey_ReturnsUnauthorizedAndStoresNothing" computerName="ISNL-5NP8Q14" duration="00:00:00.2349354" startTime="2026-06-03T15:12:09.1503310+02:00" endTime="2026-06-03T15:12:09.3853183+02:00" testType="13cdc9d9-ddb5-4fa4-a97d-d965ccfc6d4b" outcome="Passed" testListId="8c84fa94-04c1-424b-9868-57a2d4851a1d" relativeResultsDirectory="6d00472b-7a15-4ddb-97bb-67192f4ebf0f">
      <Output>
        <StdOut>[15:12:09 INF] Loading plugin assemblies from folder&#xD;
[15:12:09 INF] DataProtection keys will be persisted to PostgreSQL via AppDbContext. Ensure the database is available and migrations have run before the first OIDC request.&#xD;
[15:12:09 INF] Registered calendar source plugin&#xD;
[15:12:09 INF] Registered calendar source plugin&#xD;
[15:12:09 WRN] Peer transport security is configured to allow self-signed certificates. Use this only for development or staging environments.&#xD;
[15:12:09 INF] Rate limit bucket eviction service is stopping.</StdOut>
      </Output>
    </UnitTestResult>
    <UnitTestResult executionId="f98c7928-97aa-497b-9c97-f56a26c95e48" testId="19ae45cd-09c9-8d31-8a53-7f2b920ca3e6" testName="Redact_WithBearerToken_RedactsTokenValue" computerName="ISNL-5NP8Q14" duration="00:00:00.0092077" startTime="2026-06-03T15:11:59.1068329+02:00" endTime="2026-06-03T15:11:59.1160963+02:00" testType="13cdc9d9-ddb5-4fa4-a97d-d965ccfc6d4b" outcome="Passed" testListId="8c84fa94-04c1-424b-9868-57a2d4851a1d" relativeResultsDirectory="f98c7928-97aa-497b-9c97-f56a26c95e48" />
    <UnitTestResult executionId="46373b09-02fe-4f0f-898d-c6f954ff624b" testId="1b0ef9cd-1e44-8c22-976b-6fe919528092" testName="PushShadowSlots_WhenPeerExceedsRateLimit_ReturnsTooManyRequestsAndKeepsOtherPeersUnthrottled" computerName="ISNL-5NP8Q14" duration="00:00:00.3689683" startTime="2026-06-03T15:12:11.2632799+02:00" endTime="2026-06-03T15:12:11.6323498+02:00" testType="13cdc9d9-ddb5-4fa4-a97d-d965ccfc6d4b" outcome="Passed" testListId="8c84fa94-04c1-424b-9868-57a2d4851a1d" relativeResultsDirectory="46373b09-02fe-4f0f-898d-c6f954ff624b">
      <Output>
        <StdOut>[15:12:11 INF] Loading plugin assemblies from folder&#xD;
[15:12:11 INF] DataProtection keys will be persisted to PostgreSQL via AppDbContext. Ensure the database is available and migrations have run before the first OIDC request.&#xD;
[15:12:11 INF] Registered calendar source plugin&#xD;
[15:12:11 INF] Registered calendar source plugin&#xD;
[15:12:11 WRN] Peer transport security is configured to allow self-signed certificates. Use this only for development or staging environments.&#xD;
[15:12:11 INF] Rate limit bucket eviction service is stopping.</StdOut>
      </Output>
    </UnitTestResult>
    <UnitTestResult executionId="8bc3b872-35b9-49ca-91db-328e4c391da7" testId="155e7bb4-c0d8-8037-9fea-f41fdd804888" testName="ValidateOrThrow_Throws_WhenRequiredSecretIsMissing" computerName="ISNL-5NP8Q14" duration="00:00:00.0005624" startTime="2026-06-03T15:11:59.8050873+02:00" endTime="2026-06-03T15:11:59.8057224+02:00" testType="13cdc9d9-ddb5-4fa4-a97d-d965ccfc6d4b" outcome="Passed" testListId="8c84fa94-04c1-424b-9868-57a2d4851a1d" relativeResultsDirectory="8bc3b872-35b9-49ca-91db-328e4c391da7" />
    <UnitTestResult executionId="9bcd4a87-7e47-4bd0-b9f3-41b6f21dd793" testId="1294ec04-4f17-8385-ac6d-c877e0a247af" testName="Approve_ReturnsBadRequest_WhenPeerBaseUrlUsesHttpScheme" computerName="ISNL-5NP8Q14" duration="00:00:00.1699714" startTime="2026-06-03T15:12:06.9100916+02:00" endTime="2026-06-03T15:12:07.0801287+02:00" testType="13cdc9d9-ddb5-4fa4-a97d-d965ccfc6d4b" outcome="Passed" testListId="8c84fa94-04c1-424b-9868-57a2d4851a1d" relativeResultsDirectory="9bcd4a87-7e47-4bd0-b9f3-41b6f21dd793">
      <Output>
        <StdOut>[15:12:06 INF] Loading plugin assemblies from folder&#xD;
[15:12:06 INF] DataProtection keys will be persisted to PostgreSQL via AppDbContext. Ensure the database is available and migrations have run before the first OIDC request.&#xD;
[15:12:06 INF] Registered calendar source plugin&#xD;
[15:12:06 INF] Registered calendar source plugin&#xD;
[15:12:06 WRN] Peer transport security is configured to allow self-signed certificates. Use this only for development or staging environments.&#xD;
[15:12:07 INF] Rate limit bucket eviction service is stopping.</StdOut>
      </Output>
    </UnitTestResult>
    <UnitTestResult executionId="e11b7e08-d838-444e-b04e-61fbefb1be9b" testId="13290541-d8ac-8dd3-a0b9-5c5317aa979a" testName="RotateFlow_InvalidatesOldApiKeyAndActivatesNewApiKey" computerName="ISNL-5NP8Q14" duration="00:00:00.4091048" startTime="2026-06-03T15:12:06.2721920+02:00" endTime="2026-06-03T15:12:06.6813488+02:00" testType="13cdc9d9-ddb5-4fa4-a97d-d965ccfc6d4b" outcome="Passed" testListId="8c84fa94-04c1-424b-9868-57a2d4851a1d" relativeResultsDirectory="e11b7e08-d838-444e-b04e-61fbefb1be9b">
      <Output>
        <StdOut>[15:12:06 INF] Loading plugin assemblies from folder&#xD;
[15:12:06 INF] DataProtection keys will be persisted to PostgreSQL via AppDbContext. Ensure the database is available and migrations have run before the first OIDC request.&#xD;
[15:12:06 INF] Registered calendar source plugin&#xD;
[15:12:06 INF] Registered calendar source plugin&#xD;
[15:12:06 WRN] Peer transport security is configured to allow self-signed certificates. Use this only for development or staging environments.&#xD;
[15:12:06 INF] Rate limit bucket eviction service is stopping.</StdOut>
      </Output>
    </UnitTestResult>
    <UnitTestResult executionId="718a6010-3fc2-43c5-8085-2b1c9f97690e" testId="1210eb38-4cef-8b09-beea-12f879018c79" testName="ValidateAsync_ReturnsInvalid_ForPrivateIpAddress" computerName="ISNL-5NP8Q14" duration="00:00:00.0005910" startTime="2026-06-03T15:11:59.7697454+02:00" endTime="2026-06-03T15:11:59.7703625+02:00" testType="13cdc9d9-ddb5-4fa4-a97d-d965ccfc6d4b" outcome="Passed" testListId="8c84fa94-04c1-424b-9868-57a2d4851a1d" relativeResultsDirectory="718a6010-3fc2-43c5-8085-2b1c9f97690e" />
    <UnitTestResult executionId="3bd9ce01-5686-4f3f-8def-f50adb17d050" testId="1a2fbffa-e2ae-8469-8a4d-9fe3b8dc4d4b" testName="PushShadowSlots_WithValidApiKey_StoresSlotsAndReturnsCreated" computerName="ISNL-5NP8Q14" duration="00:00:00.2381586" startTime="2026-06-03T15:12:08.6742883+02:00" endTime="2026-06-03T15:12:08.9129996+02:00" testType="13cdc9d9-ddb5-4fa4-a97d-d965ccfc6d4b" outcome="Passed" testListId="8c84fa94-04c1-424b-9868-57a2d4851a1d" relativeResultsDirectory="3bd9ce01-5686-4f3f-8def-f50adb17d050">
      <Output>
        <StdOut>[15:12:08 INF] Loading plugin assemblies from folder&#xD;
[15:12:08 INF] DataProtection keys will be persisted to PostgreSQL via AppDbContext. Ensure the database is available and migrations have run before the first OIDC request.&#xD;
[15:12:08 INF] Registered calendar source plugin&#xD;
[15:12:08 INF] Registered calendar source plugin&#xD;
[15:12:08 WRN] Peer transport security is configured to allow self-signed certificates. Use this only for development or staging environments.&#xD;
[15:12:08 INF] Rate limit bucket eviction service is stopping.</StdOut>
      </Output>
    </UnitTestResult>
    <UnitTestResult executionId="f66897f1-386f-4ef4-9ff9-4a9a361fd01a" testId="195f5517-7745-8fe9-92c8-0ea505c1e987" testName="Approve_ReturnsBadRequest_WhenPeerBaseUrlUsesPrivateIpHost" computerName="ISNL-5NP8Q14" duration="00:00:00.1596610" startTime="2026-06-03T15:12:07.0801631+02:00" endTime="2026-06-03T15:12:07.2398861+02:00" testType="13cdc9d9-ddb5-4fa4-a97d-d965ccfc6d4b" outcome="Passed" testListId="8c84fa94-04c1-424b-9868-57a2d4851a1d" relativeResultsDirectory="f66897f1-386f-4ef4-9ff9-4a9a361fd01a">
      <Output>
        <StdOut>[15:12:07 INF] Loading plugin assemblies from folder&#xD;
[15:12:07 INF] DataProtection keys will be persisted to PostgreSQL via AppDbContext. Ensure the database is available and migrations have run before the first OIDC request.&#xD;
[15:12:07 INF] Registered calendar source plugin&#xD;
[15:12:07 INF] Registered calendar source plugin&#xD;
[15:12:07 WRN] Peer transport security is configured to allow self-signed certificates. Use this only for development or staging environments.</StdOut>
      </Output>
    </UnitTestResult>
    <UnitTestResult executionId="81645744-0c77-483a-9407-dd5e050b12b8" testId="192c6da9-ed7d-8a64-9622-9f58a176f202" testName="Redact_WithOAuthAuthorizationCode_RedactsCodeValue" computerName="ISNL-5NP8Q14" duration="00:00:00.0001107" startTime="2026-06-03T15:11:59.1412614+02:00" endTime="2026-06-03T15:11:59.1413861+02:00" testType="13cdc9d9-ddb5-4fa4-a97d-d965ccfc6d4b" outcome="Passed" testListId="8c84fa94-04c1-424b-9868-57a2d4851a1d" relativeResultsDirectory="81645744-0c77-483a-9407-dd5e050b12b8" />
    <UnitTestResult executionId="8eb616d0-fff4-4a03-98ed-b8e289b17518" testId="1deeaf2f-7cdd-8212-80da-f3b041864c0f" testName="Decrypt_WithTamperedTag_ThrowsCryptographicException" computerName="ISNL-5NP8Q14" duration="00:00:00.0010109" startTime="2026-06-03T15:11:59.1042638+02:00" endTime="2026-06-03T15:11:59.1052948+02:00" testType="13cdc9d9-ddb5-4fa4-a97d-d965ccfc6d4b" outcome="Passed" testListId="8c84fa94-04c1-424b-9868-57a2d4851a1d" relativeResultsDirectory="8eb616d0-fff4-4a03-98ed-b8e289b17518" />
    <UnitTestResult executionId="640c3619-fc4e-4894-a10d-5f01694cb7a0" testId="18e75416-981d-80b4-ba00-268696bf6579" testName="Redact_WithAccessToken_RedactsValue" computerName="ISNL-5NP8Q14" duration="00:00:00.0001068" startTime="2026-06-03T15:11:59.1410236+02:00" endTime="2026-06-03T15:11:59.1411537+02:00" testType="13cdc9d9-ddb5-4fa4-a97d-d965ccfc6d4b" outcome="Passed" testListId="8c84fa94-04c1-424b-9868-57a2d4851a1d" relativeResultsDirectory="640c3619-fc4e-4894-a10d-5f01694cb7a0" />
    <UnitTestResult executionId="02f2430e-d9ac-4328-b136-ce18fcad7fa2" testId="1f86e05c-2f23-8c07-8717-04f04cc51ae8" testName="GetBusySlots_ReturnsNotFound_WhenAuthenticatedCalendarOwnerIsAutoProvisionedButRequestsDifferentId" computerName="ISNL-5NP8Q14" duration="00:00:00.1159608" startTime="2026-06-03T15:12:08.4325895+02:00" endTime="2026-06-03T15:12:08.5486016+02:00" testType="13cdc9d9-ddb5-4fa4-a97d-d965ccfc6d4b" outcome="Passed" testListId="8c84fa94-04c1-424b-9868-57a2d4851a1d" relativeResultsDirectory="02f2430e-d9ac-4328-b136-ce18fcad7fa2">
      <Output>
        <StdOut>[15:12:08 INF] Loading plugin assemblies from folder&#xD;
[15:12:08 INF] DataProtection keys will be persisted to PostgreSQL via AppDbContext. Ensure the database is available and migrations have run before the first OIDC request.&#xD;
[15:12:08 INF] Registered calendar source plugin&#xD;
[15:12:08 INF] Registered calendar source plugin&#xD;
[15:12:08 WRN] Peer transport security is configured to allow self-signed certificates. Use this only for development or staging environments.</StdOut>
      </Output>
    </UnitTestResult>
    <UnitTestResult executionId="aee6a9e0-3c24-4903-8b6d-47e288bede5e" testId="12f6cc6b-8ae9-88e8-84ac-b39dad7fa457" testName="PushShadowSlots_WithoutApiKeyHeader_ReturnsUnauthorized" computerName="ISNL-5NP8Q14" duration="00:00:00.1416977" startTime="2026-06-03T15:12:09.6431964+02:00" endTime="2026-06-03T15:12:09.7849791+02:00" testType="13cdc9d9-ddb5-4fa4-a97d-d965ccfc6d4b" outcome="Passed" testListId="8c84fa94-04c1-424b-9868-57a2d4851a1d" relativeResultsDirectory="aee6a9e0-3c24-4903-8b6d-47e288bede5e">
      <Output>
        <StdOut>[15:12:09 INF] Loading plugin assemblies from folder&#xD;
[15:12:09 INF] DataProtection keys will be persisted to PostgreSQL via AppDbContext. Ensure the database is available and migrations have run before the first OIDC request.&#xD;
[15:12:09 INF] Registered calendar source plugin&#xD;
[15:12:09 INF] Registered calendar source plugin&#xD;
[15:12:09 WRN] Peer transport security is configured to allow self-signed certificates. Use this only for development or staging environments.&#xD;
[15:12:09 INF] Rate limit bucket eviction service is stopping.</StdOut>
      </Output>
    </UnitTestResult>
    <UnitTestResult executionId="89a83b7a-d451-4ba8-b86b-6dc573bc6ca5" testId="13949f7b-66f2-85f1-84b9-5d1848d7a309" testName="SecurityHeaders_ArePresent_OnNotFoundResponse" computerName="ISNL-5NP8Q14" duration="00:00:00.1361382" startTime="2026-06-03T15:12:04.7080309+02:00" endTime="2026-06-03T15:12:04.8442567+02:00" testType="13cdc9d9-ddb5-4fa4-a97d-d965ccfc6d4b" outcome="Passed" testListId="8c84fa94-04c1-424b-9868-57a2d4851a1d" relativeResultsDirectory="89a83b7a-d451-4ba8-b86b-6dc573bc6ca5">
      <Output>
        <StdOut>[15:12:04 INF] Loading plugin assemblies from folder&#xD;
[15:12:04 INF] DataProtection keys will be persisted to PostgreSQL via AppDbContext. Ensure the database is available and migrations have run before the first OIDC request.&#xD;
[15:12:04 INF] Registered calendar source plugin&#xD;
[15:12:04 INF] Registered calendar source plugin&#xD;
[15:12:04 WRN] Peer transport security is configured to allow self-signed certificates. Use this only for development or staging environments.&#xD;
[15:12:04 INF] Rate limit bucket eviction service is stopping.</StdOut>
      </Output>
    </UnitTestResult>
    <UnitTestResult executionId="8cfa7737-602e-4dd6-8504-10dcf8efa58d" testId="122a2d07-f144-8289-8b48-c102b49112ee" testName="Redact_MasksBearerTokenAndApiKey" computerName="ISNL-5NP8Q14" duration="00:00:00.0003777" startTime="2026-06-03T15:11:59.8036656+02:00" endTime="2026-06-03T15:11:59.8041456+02:00" testType="13cdc9d9-ddb5-4fa4-a97d-d965ccfc6d4b" outcome="Passed" testListId="8c84fa94-04c1-424b-9868-57a2d4851a1d" relativeResultsDirectory="8cfa7737-602e-4dd6-8504-10dcf8efa58d" />
    <UnitTestResult executionId="74187fdf-fe2d-4d1f-a4a7-e700a05db3de" testId="13e54015-1d63-8c8a-aad1-c13866b6d34c" testName="ValidateRemoteCertificate_AcceptsPinnedCertificate_EvenWhenChainErrorsExist" computerName="ISNL-5NP8Q14" duration="00:00:00.0608120" startTime="2026-06-03T15:11:59.6071974+02:00" endTime="2026-06-03T15:11:59.6680558+02:00" testType="13cdc9d9-ddb5-4fa4-a97d-d965ccfc6d4b" outcome="Passed" testListId="8c84fa94-04c1-424b-9868-57a2d4851a1d" relativeResultsDirectory="74187fdf-fe2d-4d1f-a4a7-e700a05db3de" />
    <UnitTestResult executionId="30ad5395-b029-48a0-8618-30b91dba212a" testId="1bee1563-4672-8997-85a9-04d7545b518d" testName="PushShadowSlots_DifferentEndpointHasSeparateRateLimit_PullDoesNotBlockPush" computerName="ISNL-5NP8Q14" duration="00:00:00.4959635" startTime="2026-06-03T15:12:12.5668145+02:00" endTime="2026-06-03T15:12:13.0628515+02:00" testType="13cdc9d9-ddb5-4fa4-a97d-d965ccfc6d4b" outcome="Passed" testListId="8c84fa94-04c1-424b-9868-57a2d4851a1d" relativeResultsDirectory="30ad5395-b029-48a0-8618-30b91dba212a">
      <Output>
        <StdOut>[15:12:12 INF] Loading plugin assemblies from folder&#xD;
[15:12:12 INF] DataProtection keys will be persisted to PostgreSQL via AppDbContext. Ensure the database is available and migrations have run before the first OIDC request.&#xD;
[15:12:12 INF] Registered calendar source plugin&#xD;
[15:12:12 INF] Registered calendar source plugin&#xD;
[15:12:12 WRN] Peer transport security is configured to allow self-signed certificates. Use this only for development or staging environments.&#xD;
[15:12:13 INF] Rate limit bucket eviction service is stopping.</StdOut>
      </Output>
    </UnitTestResult>
    <UnitTestResult executionId="3e35f5cc-55e7-472e-a6aa-f05af40f0da1" testId="13838d39-99fc-885b-bcda-f1fb283bf4fc" testName="Development_OpenApiJson_IsValidJson" computerName="ISNL-5NP8Q14" duration="00:00:00.2377781" startTime="2026-06-03T15:12:05.2258607+02:00" endTime="2026-06-03T15:12:05.4637150+02:00" testType="13cdc9d9-ddb5-4fa4-a97d-d965ccfc6d4b" outcome="Passed" testListId="8c84fa94-04c1-424b-9868-57a2d4851a1d" relativeResultsDirectory="3e35f5cc-55e7-472e-a6aa-f05af40f0da1">
      <Output>
        <StdOut>[15:12:05 INF] Loading plugin assemblies from folder&#xD;
[15:12:05 INF] DataProtection keys will be persisted to PostgreSQL via AppDbContext. Ensure the database is available and migrations have run before the first OIDC request.&#xD;
[15:12:05 INF] Registered calendar source plugin&#xD;
[15:12:05 INF] Registered calendar source plugin&#xD;
[15:12:05 WRN] Peer transport security is configured to allow self-signed certificates. Use this only for development or staging environments.</StdOut>
      </Output>
    </UnitTestResult>
    <UnitTestResult executionId="ebde307e-7dd7-490b-a51b-bb2d73cb73e1" testId="1c7ac4f6-260d-82ce-82ef-f06ce584dbf8" testName="ValidateOrThrow_WhenNoRequiredSecretsAreConfigured_DoesNotThrow" computerName="ISNL-5NP8Q14" duration="00:00:00.0000839" startTime="2026-06-03T15:11:59.7601916+02:00" endTime="2026-06-03T15:11:59.7602948+02:00" testType="13cdc9d9-ddb5-4fa4-a97d-d965ccfc6d4b" outcome="Passed" testListId="8c84fa94-04c1-424b-9868-57a2d4851a1d" relativeResultsDirectory="ebde307e-7dd7-490b-a51b-bb2d73cb73e1" />
    <UnitTestResult executionId="a6f51723-cfc0-4631-8ffb-71bbd698a7b5" testId="1eaffc42-2f3c-8b98-82a1-b859b8113985" testName="Production_HealthEndpoint_ReturnsExpectedSecurityHeaders" computerName="ISNL-5NP8Q14" duration="00:00:00.1420334" startTime="2026-06-03T15:12:04.8442883+02:00" endTime="2026-06-03T15:12:04.9864432+02:00" testType="13cdc9d9-ddb5-4fa4-a97d-d965ccfc6d4b" outcome="Passed" testListId="8c84fa94-04c1-424b-9868-57a2d4851a1d" relativeResultsDirectory="a6f51723-cfc0-4631-8ffb-71bbd698a7b5">
      <Output>
        <StdOut>[15:12:04 INF] Loading plugin assemblies from folder&#xD;
[15:12:04 INF] DataProtection keys will be persisted to PostgreSQL via AppDbContext. Ensure the database is available and migrations have run before the first OIDC request.&#xD;
[15:12:04 INF] Registered calendar source plugin&#xD;
[15:12:04 INF] Registered calendar source plugin</StdOut>
      </Output>
    </UnitTestResult>
    <UnitTestResult executionId="ae741612-a9a3-4acf-a1fe-d383fff89ec2" testId="167d37fc-8797-81c4-b4ad-5a320fe8053f" testName="Redact_WithConnectionString_RedactsPasswordPart" computerName="ISNL-5NP8Q14" duration="00:00:00.0023467" startTime="2026-06-03T15:11:59.1386396+02:00" endTime="2026-06-03T15:11:59.1410069+02:00" testType="13cdc9d9-ddb5-4fa4-a97d-d965ccfc6d4b" outcome="Passed" testListId="8c84fa94-04c1-424b-9868-57a2d4851a1d" relativeResultsDirectory="ae741612-a9a3-4acf-a1fe-d383fff89ec2" />
    <UnitTestResult executionId="bbc03f97-105b-40f6-acf2-260baaac305c" testId="1a814c87-b55b-89aa-8e71-507e3dcb21a6" testName="TriggerSync_ReturnsUnauthorized_WhenNotAuthenticated" computerName="ISNL-5NP8Q14" duration="00:00:00.0093612" startTime="2026-06-03T15:12:13.7424560+02:00" endTime="2026-06-03T15:12:13.7532747+02:00" testType="13cdc9d9-ddb5-4fa4-a97d-d965ccfc6d4b" outcome="Passed" testListId="8c84fa94-04c1-424b-9868-57a2d4851a1d" relativeResultsDirectory="bbc03f97-105b-40f6-acf2-260baaac305c" />
    <UnitTestResult executionId="f29d4704-4a70-49bb-8140-282900f6417e" testId="160b0ef6-63c6-8b37-9223-69d9e92dea21" testName="InvokeAsync_SetsXContentTypeOptionsHeader" computerName="ISNL-5NP8Q14" duration="00:00:00.0049662" startTime="2026-06-03T15:11:59.7607310+02:00" endTime="2026-06-03T15:11:59.7657680+02:00" testType="13cdc9d9-ddb5-4fa4-a97d-d965ccfc6d4b" outcome="Passed" testListId="8c84fa94-04c1-424b-9868-57a2d4851a1d" relativeResultsDirectory="f29d4704-4a70-49bb-8140-282900f6417e" />
    <UnitTestResult executionId="e3d6b4a7-a744-44b3-9a9f-1e52ec5564c9" testId="11e5d1be-9872-8a81-801a-3da9c84a8069" testName="PushShadowSlots_WithInvalidApiKey_WritesAuthFailureAuditEventWithoutCredentialValue" computerName="ISNL-5NP8Q14" duration="00:00:00.2577027" startTime="2026-06-03T15:12:09.3853437+02:00" endTime="2026-06-03T15:12:09.6431498+02:00" testType="13cdc9d9-ddb5-4fa4-a97d-d965ccfc6d4b" outcome="Passed" testListId="8c84fa94-04c1-424b-9868-57a2d4851a1d" relativeResultsDirectory="e3d6b4a7-a744-44b3-9a9f-1e52ec5564c9">
      <Output>
        <StdOut>[15:12:09 INF] Loading plugin assemblies from folder&#xD;
[15:12:09 INF] DataProtection keys will be persisted to PostgreSQL via AppDbContext. Ensure the database is available and migrations have run before the first OIDC request.&#xD;
[15:12:09 INF] Registered calendar source plugin&#xD;
[15:12:09 INF] Registered calendar source plugin&#xD;
[15:12:09 WRN] Peer transport security is configured to allow self-signed certificates. Use this only for development or staging environments.</StdOut>
      </Output>
    </UnitTestResult>
    <UnitTestResult executionId="d86ab587-3a31-4f0c-90cb-acb952e5fec3" testId="1e70f0b5-6e68-89a4-8297-1c9a87744fe9" testName="AddIcalFeed_ReturnsUnauthorized_WithoutToken" computerName="ISNL-5NP8Q14" duration="00:00:00.1193677" startTime="2026-06-03T15:12:07.7844533+02:00" endTime="2026-06-03T15:12:07.9038869+02:00" testType="13cdc9d9-ddb5-4fa4-a97d-d965ccfc6d4b" outcome="Passed" testListId="8c84fa94-04c1-424b-9868-57a2d4851a1d" relativeResultsDirectory="d86ab587-3a31-4f0c-90cb-acb952e5fec3">
      <Output>
        <StdOut>[15:12:07 INF] Loading plugin assemblies from folder&#xD;
[15:12:07 INF] DataProtection keys will be persisted to PostgreSQL via AppDbContext. Ensure the database is available and migrations have run before the first OIDC request.&#xD;
[15:12:07 INF] Registered calendar source plugin&#xD;
[15:12:07 INF] Registered calendar source plugin&#xD;
[15:12:07 WRN] Peer transport security is configured to allow self-signed certificates. Use this only for development or staging environments.</StdOut>
      </Output>
    </UnitTestResult>
    <UnitTestResult executionId="fe231b9a-7b8a-4cd2-b840-b1c43b02ce34" testId="1dcebe79-1d97-84ee-90fb-58c0191aaff4" testName="GetBusySlots_ReturnsNotFound_WhenAuthenticatedCalendarOwnerRequestsDifferentId" computerName="ISNL-5NP8Q14" duration="00:00:00.1503111" startTime="2026-06-03T15:12:08.1583435+02:00" endTime="2026-06-03T15:12:08.3087144+02:00" testType="13cdc9d9-ddb5-4fa4-a97d-d965ccfc6d4b" outcome="Passed" testListId="8c84fa94-04c1-424b-9868-57a2d4851a1d" relativeResultsDirectory="fe231b9a-7b8a-4cd2-b840-b1c43b02ce34">
      <Output>
        <StdOut>[15:12:08 INF] Loading plugin assemblies from folder&#xD;
[15:12:08 INF] DataProtection keys will be persisted to PostgreSQL via AppDbContext. Ensure the database is available and migrations have run before the first OIDC request.&#xD;
[15:12:08 INF] Registered calendar source plugin&#xD;
[15:12:08 INF] Registered calendar source plugin&#xD;
[15:12:08 WRN] Peer transport security is configured to allow self-signed certificates. Use this only for development or staging environments.</StdOut>
      </Output>
    </UnitTestResult>
    <UnitTestResult executionId="3dcf6b16-32a5-4769-b8be-8442eb3d36d8" testId="16d04195-fb8f-8065-92ea-d6515cf1c845" testName="Redact_WithNoSensitiveData_ReturnsUnchanged" computerName="ISNL-5NP8Q14" duration="00:00:00.0000444" startTime="2026-06-03T15:11:59.1428101+02:00" endTime="2026-06-03T15:11:59.1428660+02:00" testType="13cdc9d9-ddb5-4fa4-a97d-d965ccfc6d4b" outcome="Passed" testListId="8c84fa94-04c1-424b-9868-57a2d4851a1d" relativeResultsDirectory="3dcf6b16-32a5-4769-b8be-8442eb3d36d8" />
    <UnitTestResult executionId="a31e0913-a392-4d9d-91ef-55ae6067bed9" testId="1cbe2b3d-ee50-86e3-99a7-dd036795d601" testName="ValidateOrThrow_WhenRequiredSecretIsMissing_ThrowsInvalidOperationException" computerName="ISNL-5NP8Q14" duration="00:00:00.0003918" startTime="2026-06-03T15:11:59.7593217+02:00" endTime="2026-06-03T15:11:59.7597453+02:00" testType="13cdc9d9-ddb5-4fa4-a97d-d965ccfc6d4b" outcome="Passed" testListId="8c84fa94-04c1-424b-9868-57a2d4851a1d" relativeResultsDirectory="a31e0913-a392-4d9d-91ef-55ae6067bed9" />
    <UnitTestResult executionId="e436731b-14e5-4a48-8074-c8d8711d9251" testId="1d566059-b5f1-8c13-9a06-47c8064cda3f" testName="InvokeAsync_StillInvokesNextMiddleware" computerName="ISNL-5NP8Q14" duration="00:00:00.0003329" startTime="2026-06-03T15:11:59.7671584+02:00" endTime="2026-06-03T15:11:59.7675161+02:00" testType="13cdc9d9-ddb5-4fa4-a97d-d965ccfc6d4b" outcome="Passed" testListId="8c84fa94-04c1-424b-9868-57a2d4851a1d" relativeResultsDirectory="e436731b-14e5-4a48-8074-c8d8711d9251" />
    <UnitTestResult executionId="05737d4e-21dc-402c-8420-b9b5452f5fc5" testId="1b4233f0-4b06-8731-a721-f4ecbd7a9594" testName="ApproveFlow_ReturnsApiKeyOnce_AndStoresOnlySha256Hash" computerName="ISNL-5NP8Q14" duration="00:00:00.4162190" startTime="2026-06-03T15:12:05.8557733+02:00" endTime="2026-06-03T15:12:06.2721593+02:00" testType="13cdc9d9-ddb5-4fa4-a97d-d965ccfc6d4b" outcome="Passed" testListId="8c84fa94-04c1-424b-9868-57a2d4851a1d" relativeResultsDirectory="05737d4e-21dc-402c-8420-b9b5452f5fc5">
      <Output>
        <StdOut>[15:12:05 INF] Loading plugin assemblies from folder&#xD;
[15:12:05 INF] DataProtection keys will be persisted to PostgreSQL via AppDbContext. Ensure the database is available and migrations have run before the first OIDC request.&#xD;
[15:12:05 INF] Registered calendar source plugin&#xD;
[15:12:05 INF] Registered calendar source plugin&#xD;
[15:12:05 WRN] Peer transport security is configured to allow self-signed certificates. Use this only for development or staging environments.</StdOut>
      </Output>
    </UnitTestResult>
    <UnitTestResult executionId="50bba032-d2cf-4b12-aa6d-fc7e97fb4814" testId="1442db76-3d00-81db-abce-02253be5ca0e" testName="Development_OpenApiJson_ContainsOAuthSecurityDefinition" computerName="ISNL-5NP8Q14" duration="00:00:00.1669567" startTime="2026-06-03T15:12:05.4637516+02:00" endTime="2026-06-03T15:12:05.6307817+02:00" testType="13cdc9d9-ddb5-4fa4-a97d-d965ccfc6d4b" outcome="Passed" testListId="8c84fa94-04c1-424b-9868-57a2d4851a1d" relativeResultsDirectory="50bba032-d2cf-4b12-aa6d-fc7e97fb4814">
      <Output>
        <StdOut>[15:12:05 INF] Loading plugin assemblies from folder&#xD;
[15:12:05 INF] DataProtection keys will be persisted to PostgreSQL via AppDbContext. Ensure the database is available and migrations have run before the first OIDC request.&#xD;
[15:12:05 INF] Registered calendar source plugin&#xD;
[15:12:05 INF] Registered calendar source plugin&#xD;
[15:12:05 WRN] Peer transport security is configured to allow self-signed certificates. Use this only for development or staging environments.&#xD;
[15:12:05 INF] Rate limit bucket eviction service is stopping.</StdOut>
      </Output>
    </UnitTestResult>
    <UnitTestResult executionId="5e2c9a5d-1b8a-4f12-bf97-a8f577bbbf6e" testId="168d54f2-2c12-8b9a-af68-419e5653686c" testName="Decrypt_RoundTrips_Correctly" computerName="ISNL-5NP8Q14" duration="00:00:00.0006309" startTime="2026-06-03T15:11:59.1030747+02:00" endTime="2026-06-03T15:11:59.1039150+02:00" testType="13cdc9d9-ddb5-4fa4-a97d-d965ccfc6d4b" outcome="Passed" testListId="8c84fa94-04c1-424b-9868-57a2d4851a1d" relativeResultsDirectory="5e2c9a5d-1b8a-4f12-bf97-a8f577bbbf6e" />
    <UnitTestResult executionId="0549935e-5f97-444e-b9b7-4b22102fd585" testId="1eb2e4eb-122f-8a54-a88d-bb7d1d8dc68e" testName="WriteAsync_SanitizesCredentialPatterns_BearerToken" computerName="ISNL-5NP8Q14" duration="00:00:00.0836924" startTime="2026-06-03T15:11:59.1428711+02:00" endTime="2026-06-03T15:11:59.2291254+02:00" testType="13cdc9d9-ddb5-4fa4-a97d-d965ccfc6d4b" outcome="Passed" testListId="8c84fa94-04c1-424b-9868-57a2d4851a1d" relativeResultsDirectory="0549935e-5f97-444e-b9b7-4b22102fd585" />
    <UnitTestResult executionId="3cfa29f7-dd8f-48ee-ac0b-a4499e8fc547" testId="1695c6e1-f059-8769-986a-5d5a11217254" testName="Redact_WithNullString_ReturnsNull" computerName="ISNL-5NP8Q14" duration="00:00:00.0001146" startTime="2026-06-03T15:11:59.1425875+02:00" endTime="2026-06-03T15:11:59.1427301+02:00" testType="13cdc9d9-ddb5-4fa4-a97d-d965ccfc6d4b" outcome="Passed" testListId="8c84fa94-04c1-424b-9868-57a2d4851a1d" relativeResultsDirectory="3cfa29f7-dd8f-48ee-ac0b-a4499e8fc547" />
    <UnitTestResult executionId="1ac80768-a166-4b58-9a7c-d450b0061fc7" testId="13224b92-551d-8018-99fd-88159b7738d8" testName="ValidateOrThrow_WhenSecretIsWhitespaceOnly_ThrowsInvalidOperationException" computerName="ISNL-5NP8Q14" duration="00:00:00.0001952" startTime="2026-06-03T15:11:59.7597570+02:00" endTime="2026-06-03T15:11:59.7599748+02:00" testType="13cdc9d9-ddb5-4fa4-a97d-d965ccfc6d4b" outcome="Passed" testListId="8c84fa94-04c1-424b-9868-57a2d4851a1d" relativeResultsDirectory="1ac80768-a166-4b58-9a7c-d450b0061fc7" />
    <UnitTestResult executionId="587f02bd-b05b-4126-9fc4-cc6aab29d007" testId="160d5f8f-bd01-8250-8d2e-d97b5b6d70e7" testName="WriteAsync_SanitizesCredentialPatterns_ApiKeyInKeyValue" computerName="ISNL-5NP8Q14" duration="00:00:00.0022706" startTime="2026-06-03T15:11:59.2292025+02:00" endTime="2026-06-03T15:11:59.2315683+02:00" testType="13cdc9d9-ddb5-4fa4-a97d-d965ccfc6d4b" outcome="Passed" testListId="8c84fa94-04c1-424b-9868-57a2d4851a1d" relativeResultsDirectory="587f02bd-b05b-4126-9fc4-cc6aab29d007" />
    <UnitTestResult executionId="56a6d2db-ec4c-499f-b462-aa2a4571eeb2" testId="12b11a89-9c90-8952-bfde-6b17ad29cf37" testName="WriteAsync_MultipleEvents_BuildsTamperEvidenceChain" computerName="ISNL-5NP8Q14" duration="00:00:00.1264134" startTime="2026-06-03T15:11:59.2814810+02:00" endTime="2026-06-03T15:11:59.4079769+02:00" testType="13cdc9d9-ddb5-4fa4-a97d-d965ccfc6d4b" outcome="Passed" testListId="8c84fa94-04c1-424b-9868-57a2d4851a1d" relativeResultsDirectory="56a6d2db-ec4c-499f-b462-aa2a4571eeb2" />
    <UnitTestResult executionId="f0ebe279-6a64-464b-bcde-63006d073042" testId="1b8557c4-2112-89e5-9940-80ce3ef03f85" testName="ValidateOrThrow_WhenAllRequiredSecretsArePresent_DoesNotThrow" computerName="ISNL-5NP8Q14" duration="00:00:00.0008252" startTime="2026-06-03T15:11:59.7583737+02:00" endTime="2026-06-03T15:11:59.7593038+02:00" testType="13cdc9d9-ddb5-4fa4-a97d-d965ccfc6d4b" outcome="Passed" testListId="8c84fa94-04c1-424b-9868-57a2d4851a1d" relativeResultsDirectory="f0ebe279-6a64-464b-bcde-63006d073042" />
    <UnitTestResult executionId="34c55f2a-c2d7-406c-9f8b-3363f3b9f03b" testId="1910a5a2-bae5-82d9-a82f-92f8814406d2" testName="Development_SwaggerUi_IsAvailable" computerName="ISNL-5NP8Q14" duration="00:00:00.1370104" startTime="2026-06-03T15:12:05.0886774+02:00" endTime="2026-06-03T15:12:05.2258267+02:00" testType="13cdc9d9-ddb5-4fa4-a97d-d965ccfc6d4b" outcome="Passed" testListId="8c84fa94-04c1-424b-9868-57a2d4851a1d" relativeResultsDirectory="34c55f2a-c2d7-406c-9f8b-3363f3b9f03b">
      <Output>
        <StdOut>[15:12:05 INF] Loading plugin assemblies from folder&#xD;
[15:12:05 INF] DataProtection keys will be persisted to PostgreSQL via AppDbContext. Ensure the database is available and migrations have run before the first OIDC request.&#xD;
[15:12:05 INF] Registered calendar source plugin&#xD;
[15:12:05 INF] Registered calendar source plugin&#xD;
[15:12:05 WRN] Peer transport security is configured to allow self-signed certificates. Use this only for development or staging environments.</StdOut>
      </Output>
    </UnitTestResult>
    <UnitTestResult executionId="d3c6f940-90ff-418a-b795-89224ba8ce82" testId="10929c9c-517c-87f2-a4cd-c9d7f8f3b27f" testName="ValidateRemoteCertificate_RejectsMismatchedPinnedCertificate" computerName="ISNL-5NP8Q14" duration="00:00:00.0469311" startTime="2026-06-03T15:11:59.6680839+02:00" endTime="2026-06-03T15:11:59.7150881+02:00" testType="13cdc9d9-ddb5-4fa4-a97d-d965ccfc6d4b" outcome="Passed" testListId="8c84fa94-04c1-424b-9868-57a2d4851a1d" relativeResultsDirectory="d3c6f940-90ff-418a-b795-89224ba8ce82" />
    <UnitTestResult executionId="8af4e919-12cb-443f-b298-298ff2b11f22" testId="129e495f-cca0-89b7-a351-92def873ab19" testName="Redact_WithCodeParameterInQueryString_RedactsCodeValue" computerName="ISNL-5NP8Q14" duration="00:00:00.0000789" startTime="2026-06-03T15:11:59.1413933+02:00" endTime="2026-06-03T15:11:59.1414864+02:00" testType="13cdc9d9-ddb5-4fa4-a97d-d965ccfc6d4b" outcome="Passed" testListId="8c84fa94-04c1-424b-9868-57a2d4851a1d" relativeResultsDirectory="8af4e919-12cb-443f-b298-298ff2b11f22" />
    <UnitTestResult executionId="cda97a23-1d7e-402a-9579-28e921d26c7e" testId="1e89623a-d0aa-8980-aefe-0bcfd2435f95" testName="WriteAsync_WithoutRedactor_ExposesSensitiveValuesInAuditLog" computerName="ISNL-5NP8Q14" duration="00:00:00.0473254" startTime="2026-06-03T15:11:59.4084168+02:00" endTime="2026-06-03T15:11:59.4557903+02:00" testType="13cdc9d9-ddb5-4fa4-a97d-d965ccfc6d4b" outcome="Passed" testListId="8c84fa94-04c1-424b-9868-57a2d4851a1d" relativeResultsDirectory="cda97a23-1d7e-402a-9579-28e921d26c7e" />
    <UnitTestResult executionId="5d21a21b-8555-4a29-b5cc-f7f740f73434" testId="1376354b-673e-8f82-b1ae-f6401c2f195d" testName="GetMergedFreeBusy_ReturnsUnauthorized_WithoutToken" computerName="ISNL-5NP8Q14" duration="00:00:00.1153894" startTime="2026-06-03T15:12:08.0428640+02:00" endTime="2026-06-03T15:12:08.1583143+02:00" testType="13cdc9d9-ddb5-4fa4-a97d-d965ccfc6d4b" outcome="Passed" testListId="8c84fa94-04c1-424b-9868-57a2d4851a1d" relativeResultsDirectory="5d21a21b-8555-4a29-b5cc-f7f740f73434">
      <Output>
        <StdOut>[15:12:08 INF] Loading plugin assemblies from folder&#xD;
[15:12:08 INF] DataProtection keys will be persisted to PostgreSQL via AppDbContext. Ensure the database is available and migrations have run before the first OIDC request.&#xD;
[15:12:08 INF] Registered calendar source plugin&#xD;
[15:12:08 INF] Registered calendar source plugin&#xD;
[15:12:08 WRN] Peer transport security is configured to allow self-signed certificates. Use this only for development or staging environments.&#xD;
[15:12:08 INF] Rate limit bucket eviction service is stopping.</StdOut>
      </Output>
    </UnitTestResult>
    <UnitTestResult executionId="dfc3917f-ece7-41a0-bff3-06e92ee37132" testId="143c95d2-7fb1-89cc-8e23-c9be763c4c2c" testName="ValidateRemoteCertificate_AcceptsSelfSignedCertificate_WhenExplicitlyAllowed" computerName="ISNL-5NP8Q14" duration="00:00:00.0421318" startTime="2026-06-03T15:11:59.7151341+02:00" endTime="2026-06-03T15:11:59.7573602+02:00" testType="13cdc9d9-ddb5-4fa4-a97d-d965ccfc6d4b" outcome="Passed" testListId="8c84fa94-04c1-424b-9868-57a2d4851a1d" relativeResultsDirectory="dfc3917f-ece7-41a0-bff3-06e92ee37132" />
    <UnitTestResult executionId="663b5672-1702-4862-bb94-a646f26e110e" testId="1813a731-2aa9-87b4-89d6-2850408404f9" testName="Verify_WithDifferentKey_Fails" computerName="ISNL-5NP8Q14" duration="00:00:00.0372634" startTime="2026-06-03T15:11:59.4956565+02:00" endTime="2026-06-03T15:11:59.5329740+02:00" testType="13cdc9d9-ddb5-4fa4-a97d-d965ccfc6d4b" outcome="Passed" testListId="8c84fa94-04c1-424b-9868-57a2d4851a1d" relativeResultsDirectory="663b5672-1702-4862-bb94-a646f26e110e" />
    <UnitTestResult executionId="cfeabcb1-f11d-440c-a365-b990062c7687" testId="167fa734-03f3-8568-8bfc-13001174e116" testName="GetBusySlots_ReturnsUnauthorized_WithoutToken" computerName="ISNL-5NP8Q14" duration="00:00:00.1387973" startTime="2026-06-03T15:12:07.9039125+02:00" endTime="2026-06-03T15:12:08.0428374+02:00" testType="13cdc9d9-ddb5-4fa4-a97d-d965ccfc6d4b" outcome="Passed" testListId="8c84fa94-04c1-424b-9868-57a2d4851a1d" relativeResultsDirectory="cfeabcb1-f11d-440c-a365-b990062c7687">
      <Output>
        <StdOut>[15:12:07 INF] Loading plugin assemblies from folder&#xD;
[15:12:07 INF] DataProtection keys will be persisted to PostgreSQL via AppDbContext. Ensure the database is available and migrations have run before the first OIDC request.&#xD;
[15:12:07 INF] Registered calendar source plugin&#xD;
[15:12:07 INF] Registered calendar source plugin&#xD;
[15:12:07 WRN] Peer transport security is configured to allow self-signed certificates. Use this only for development or staging environments.</StdOut>
      </Output>
    </UnitTestResult>
    <UnitTestResult executionId="c401c54b-d71d-431b-aa04-57ab9cf9c115" testId="1df1f899-ef2a-833b-8347-07dc101b84e5" testName="WithoutSecurityHeadersMiddleware_XContentTypeOptionsIsAbsent" computerName="ISNL-5NP8Q14" duration="00:00:00.0001099" startTime="2026-06-03T15:11:59.7675275+02:00" endTime="2026-06-03T15:11:59.7676588+02:00" testType="13cdc9d9-ddb5-4fa4-a97d-d965ccfc6d4b" outcome="Passed" testListId="8c84fa94-04c1-424b-9868-57a2d4851a1d" relativeResultsDirectory="c401c54b-d71d-431b-aa04-57ab9cf9c115" />
    <UnitTestResult executionId="4481eace-8322-441f-91c4-8d4ffb863d08" testId="1da2947c-7b5e-8fd0-b4c7-ed20f1a02125" testName="Production_RegistersStrictCookiePolicyDefaults" computerName="ISNL-5NP8Q14" duration="00:00:00.1021104" startTime="2026-06-03T15:12:04.9864716+02:00" endTime="2026-06-03T15:12:05.0886446+02:00" testType="13cdc9d9-ddb5-4fa4-a97d-d965ccfc6d4b" outcome="Passed" testListId="8c84fa94-04c1-424b-9868-57a2d4851a1d" relativeResultsDirectory="4481eace-8322-441f-91c4-8d4ffb863d08">
      <Output>
        <StdOut>[15:12:04 INF] Loading plugin assemblies from folder&#xD;
[15:12:04 INF] DataProtection keys will be persisted to PostgreSQL via AppDbContext. Ensure the database is available and migrations have run before the first OIDC request.&#xD;
[15:12:04 INF] Registered calendar source plugin&#xD;
[15:12:04 INF] Registered calendar source plugin&#xD;
[15:12:05 INF] Rate limit bucket eviction service is stopping.</StdOut>
      </Output>
    </UnitTestResult>
    <UnitTestResult executionId="770abd62-e5df-4bc9-944b-c58f60ec2f69" testId="17c49138-2278-8882-a40c-54aeb5670d91" testName="SecurityHeaders_ArePresent_OnHealthEndpoint" computerName="ISNL-5NP8Q14" duration="00:00:04.6839610" startTime="2026-06-03T15:11:59.8062000+02:00" endTime="2026-06-03T15:12:04.4904596+02:00" testType="13cdc9d9-ddb5-4fa4-a97d-d965ccfc6d4b" outcome="Passed" testListId="8c84fa94-04c1-424b-9868-57a2d4851a1d" relativeResultsDirectory="770abd62-e5df-4bc9-944b-c58f60ec2f69">
      <Output>
        <StdOut>[testcontainers.org 00:00:00.17] Connected to Docker:&#xD;
  Host: npipe://./pipe/docker_engine&#xD;
  Server Version: 5.8.2&#xD;
  Kernel Version: 6.6.87.2-microsoft-standard-WSL2&#xD;
  API Version: 1.44&#xD;
  Operating System: fedora&#xD;
  Total Memory: 31.17 GB&#xD;
[testcontainers.org 00:00:00.35] Docker container 04ea8befac81 created&#xD;
[testcontainers.org 00:00:00.44] Start Docker container 04ea8befac81&#xD;
[testcontainers.org 00:00:00.72] Wait for Docker container 04ea8befac81 to complete readiness checks&#xD;
[testcontainers.org 00:00:00.99] Docker container 04ea8befac81 ready&#xD;
[testcontainers.org 00:00:01.09] Docker container 0e2012b225a9 created&#xD;
[testcontainers.org 00:00:01.26] Start Docker container 0e2012b225a9&#xD;
[testcontainers.org 00:00:01.50] Wait for Docker container 0e2012b225a9 to complete readiness checks&#xD;
[testcontainers.org 00:00:01.64] Execute "pg_isready --host localhost --dbname postgres --username postgres" at Docker container 0e2012b225a9&#xD;
[testcontainers.org 00:00:02.84] Execute "pg_isready --host localhost --dbname postgres --username postgres" at Docker container 0e2012b225a9&#xD;
[testcontainers.org 00:00:02.99] Docker container 0e2012b225a9 ready&#xD;
[15:12:02 INF] Loaded official plugin assembly via dependency context&#xD;
[15:12:02 INF] Loaded official plugin assembly via dependency context&#xD;
[15:12:02 INF] Loading plugin assemblies from folder&#xD;
[15:12:02 INF] DataProtection keys will be persisted to PostgreSQL via AppDbContext. Ensure the database is available and migrations have run before the first OIDC request.&#xD;
[15:12:03 INF] Registered calendar source plugin&#xD;
[15:12:03 INF] Registered calendar source plugin&#xD;
[15:12:03 WRN] Peer transport security is configured to allow self-signed certificates. Use this only for development or staging environments.&#xD;
[15:12:03 ERR] Failed executing DbCommand (13ms) [Parameters=[], CommandType='Text', CommandTimeout='30']&#xD;
SELECT "MigrationId", "ProductVersion"&#xD;
FROM "__EFMigrationsHistory"&#xD;
ORDER BY "MigrationId";&#xD;
[15:12:04 WRN] No XML encryptor configured. Key {a6507d01-b43d-46bb-8211-8274dc1909d9} may be persisted to storage in unencrypted form.&#xD;
[15:12:04 INF] Rate limit bucket eviction service is stopping.</StdOut>
      </Output>
    </UnitTestResult>
    <UnitTestResult executionId="f585766f-7a5f-421a-ba36-7e4eeb84f3c8" testId="109c8c4a-1bd6-8f25-9433-1bfb753cd368" testName="NormalizeThumbprint_StripsWhitespaceAndSeparators" computerName="ISNL-5NP8Q14" duration="00:00:00.0005961" startTime="2026-06-03T15:11:59.6064969+02:00" endTime="2026-06-03T15:11:59.6071810+02:00" testType="13cdc9d9-ddb5-4fa4-a97d-d965ccfc6d4b" outcome="Passed" testListId="8c84fa94-04c1-424b-9868-57a2d4851a1d" relativeResultsDirectory="f585766f-7a5f-421a-ba36-7e4eeb84f3c8" />
    <UnitTestResult executionId="58ebd85a-f781-4fc1-8cf9-67ef6035f6d4" testId="17d53ca0-cb57-8b3b-954b-8f66bc7788e3" testName="PushShadowSlots_WithMissingPushScope_ReturnsForbidden" computerName="ISNL-5NP8Q14" duration="00:00:00.3163135" startTime="2026-06-03T15:12:10.1302322+02:00" endTime="2026-06-03T15:12:10.4466116+02:00" testType="13cdc9d9-ddb5-4fa4-a97d-d965ccfc6d4b" outcome="Passed" testListId="8c84fa94-04c1-424b-9868-57a2d4851a1d" relativeResultsDirectory="58ebd85a-f781-4fc1-8cf9-67ef6035f6d4">
      <Output>
        <StdOut>[15:12:10 INF] Loading plugin assemblies from folder&#xD;
[15:12:10 INF] DataProtection keys will be persisted to PostgreSQL via AppDbContext. Ensure the database is available and migrations have run before the first OIDC request.&#xD;
[15:12:10 INF] Registered calendar source plugin&#xD;
[15:12:10 INF] Registered calendar source plugin&#xD;
[15:12:10 WRN] Peer transport security is configured to allow self-signed certificates. Use this only for development or staging environments.&#xD;
[15:12:10 INF] Rate limit bucket eviction service is stopping.</StdOut>
      </Output>
    </UnitTestResult>
    <UnitTestResult executionId="1333c753-641b-410a-bf83-80f9289c4e18" testId="16971962-b431-86a4-b234-a850c62f43c0" testName="PushShadowSlots_WithValidApiKey_WritesSuccessAuditEvent" computerName="ISNL-5NP8Q14" duration="00:00:00.4252879" startTime="2026-06-03T15:12:13.0628757+02:00" endTime="2026-06-03T15:12:13.4882370+02:00" testType="13cdc9d9-ddb5-4fa4-a97d-d965ccfc6d4b" outcome="Passed" testListId="8c84fa94-04c1-424b-9868-57a2d4851a1d" relativeResultsDirectory="1333c753-641b-410a-bf83-80f9289c4e18">
      <Output>
        <StdOut>[15:12:13 INF] Loading plugin assemblies from folder&#xD;
[15:12:13 INF] DataProtection keys will be persisted to PostgreSQL via AppDbContext. Ensure the database is available and migrations have run before the first OIDC request.&#xD;
[15:12:13 INF] Registered calendar source plugin&#xD;
[15:12:13 INF] Registered calendar source plugin&#xD;
[15:12:13 WRN] Peer transport security is configured to allow self-signed certificates. Use this only for development or staging environments.</StdOut>
      </Output>
    </UnitTestResult>
    <UnitTestResult executionId="1d7f7f2d-31a3-4d5f-a110-7b7987a88fe4" testId="1137ac0a-02d5-8150-abbe-eddaabdc02aa" testName="GetMergedFreeBusy_ReturnsNotFound_WhenAuthenticatedCalendarOwnerRequestsDifferentId" computerName="ISNL-5NP8Q14" duration="00:00:00.1237628" startTime="2026-06-03T15:12:08.3087499+02:00" endTime="2026-06-03T15:12:08.4325640+02:00" testType="13cdc9d9-ddb5-4fa4-a97d-d965ccfc6d4b" outcome="Passed" testListId="8c84fa94-04c1-424b-9868-57a2d4851a1d" relativeResultsDirectory="1d7f7f2d-31a3-4d5f-a110-7b7987a88fe4">
      <Output>
        <StdOut>[15:12:08 INF] Loading plugin assemblies from folder&#xD;
[15:12:08 INF] DataProtection keys will be persisted to PostgreSQL via AppDbContext. Ensure the database is available and migrations have run before the first OIDC request.&#xD;
[15:12:08 INF] Registered calendar source plugin&#xD;
[15:12:08 INF] Registered calendar source plugin&#xD;
[15:12:08 WRN] Peer transport security is configured to allow self-signed certificates. Use this only for development or staging environments.&#xD;
[15:12:08 INF] Rate limit bucket eviction service is stopping.</StdOut>
      </Output>
    </UnitTestResult>
    <UnitTestResult executionId="cb6bacc5-67ed-4f5b-b238-9cadd4ce8174" testId="188d673b-e9f2-8edb-874f-b8fe02f5b5e5" testName="PushShadowSlots_WithExpiredReplayTimestamp_ReturnsUnauthorized" computerName="ISNL-5NP8Q14" duration="00:00:00.1564897" startTime="2026-06-03T15:12:10.7741220+02:00" endTime="2026-06-03T15:12:10.9306711+02:00" testType="13cdc9d9-ddb5-4fa4-a97d-d965ccfc6d4b" outcome="Passed" testListId="8c84fa94-04c1-424b-9868-57a2d4851a1d" relativeResultsDirectory="cb6bacc5-67ed-4f5b-b238-9cadd4ce8174">
      <Output>
        <StdOut>[15:12:10 INF] Loading plugin assemblies from folder&#xD;
[15:12:10 INF] DataProtection keys will be persisted to PostgreSQL via AppDbContext. Ensure the database is available and migrations have run before the first OIDC request.&#xD;
[15:12:10 INF] Registered calendar source plugin&#xD;
[15:12:10 INF] Registered calendar source plugin&#xD;
[15:12:10 WRN] Peer transport security is configured to allow self-signed certificates. Use this only for development or staging environments.</StdOut>
      </Output>
    </UnitTestResult>
    <UnitTestResult executionId="3a902546-5e4e-4f80-a9f9-3569c2587c42" testId="1cf64a9f-3755-8908-a10b-74097baf0976" testName="Encrypt_SamePlaintext_ProducesDifferentCiphertexts_PerCall" computerName="ISNL-5NP8Q14" duration="00:00:00.0001038" startTime="2026-06-03T15:11:59.1041232+02:00" endTime="2026-06-03T15:11:59.1042544+02:00" testType="13cdc9d9-ddb5-4fa4-a97d-d965ccfc6d4b" outcome="Passed" testListId="8c84fa94-04c1-424b-9868-57a2d4851a1d" relativeResultsDirectory="3a902546-5e4e-4f80-a9f9-3569c2587c42" />
    <UnitTestResult executionId="c7bf3f89-c605-4468-97c9-2fb4643cb815" testId="14b762e8-4337-8b8a-9732-1dff725b82c3" testName="ValidateOrThrow_DoesNotThrow_WhenAllRequiredSecretsExist" computerName="ISNL-5NP8Q14" duration="00:00:00.0003910" startTime="2026-06-03T15:11:59.8057440+02:00" endTime="2026-06-03T15:11:59.8061793+02:00" testType="13cdc9d9-ddb5-4fa4-a97d-d965ccfc6d4b" outcome="Passed" testListId="8c84fa94-04c1-424b-9868-57a2d4851a1d" relativeResultsDirectory="c7bf3f89-c605-4468-97c9-2fb4643cb815" />
    <UnitTestResult executionId="affbeab6-2a95-4535-838a-a7f420f0c33f" testId="18eaf8b4-045c-8a5d-807a-5043b9190ff9" testName="InvokeAsync_SetsReferrerPolicyHeader" computerName="ISNL-5NP8Q14" duration="00:00:00.0003826" startTime="2026-06-03T15:11:59.7667319+02:00" endTime="2026-06-03T15:11:59.7671469+02:00" testType="13cdc9d9-ddb5-4fa4-a97d-d965ccfc6d4b" outcome="Passed" testListId="8c84fa94-04c1-424b-9868-57a2d4851a1d" relativeResultsDirectory="affbeab6-2a95-4535-838a-a7f420f0c33f" />
    <UnitTestResult executionId="27393bae-0714-44fb-8202-8a8bd42cb8e4" testId="1e932d83-52c6-8862-aa99-b85c3e393e8b" testName="ValidateAsync_ReturnsValid_ForPublicHttpsUrl" computerName="ISNL-5NP8Q14" duration="00:00:00.0331951" startTime="2026-06-03T15:11:59.7703804+02:00" endTime="2026-06-03T15:11:59.8036304+02:00" testType="13cdc9d9-ddb5-4fa4-a97d-d965ccfc6d4b" outcome="Passed" testListId="8c84fa94-04c1-424b-9868-57a2d4851a1d" relativeResultsDirectory="27393bae-0714-44fb-8202-8a8bd42cb8e4" />
    <UnitTestResult executionId="e86f6ae3-d3c3-413b-b5c3-798ed122f219" testId="1f8a1ffe-be67-8b8a-b3d3-2a6ca4273694" testName="WithoutSecurityHeadersMiddleware_XFrameOptionsIsAbsent" computerName="ISNL-5NP8Q14" duration="00:00:00.0000749" startTime="2026-06-03T15:11:59.7676672+02:00" endTime="2026-06-03T15:11:59.7677583+02:00" testType="13cdc9d9-ddb5-4fa4-a97d-d965ccfc6d4b" outcome="Passed" testListId="8c84fa94-04c1-424b-9868-57a2d4851a1d" relativeResultsDirectory="e86f6ae3-d3c3-413b-b5c3-798ed122f219" />
    <UnitTestResult executionId="2f65e884-22af-436c-b221-7d17fa94f059" testId="191fda37-77f6-8aef-988e-4f007d732a09" testName="ValidateOrThrow_ErrorMessageListsAllMissingKeys" computerName="ISNL-5NP8Q14" duration="00:00:00.0002464" startTime="2026-06-03T15:11:59.7603050+02:00" endTime="2026-06-03T15:11:59.7605721+02:00" testType="13cdc9d9-ddb5-4fa4-a97d-d965ccfc6d4b" outcome="Passed" testListId="8c84fa94-04c1-424b-9868-57a2d4851a1d" relativeResultsDirectory="2f65e884-22af-436c-b221-7d17fa94f059" />
    <UnitTestResult executionId="d9d729ed-9478-450a-9f67-92dc37343058" testId="14c8c953-4397-8dc5-8ccd-ae6785a9c6f8" testName="Constructor_ThrowsInvalidOperation_WhenKeyIsTooShort" computerName="ISNL-5NP8Q14" duration="00:00:00.0001294" startTime="2026-06-03T15:11:59.1056125+02:00" endTime="2026-06-03T15:11:59.1057606+02:00" testType="13cdc9d9-ddb5-4fa4-a97d-d965ccfc6d4b" outcome="Passed" testListId="8c84fa94-04c1-424b-9868-57a2d4851a1d" relativeResultsDirectory="d9d729ed-9478-450a-9f67-92dc37343058" />
    <UnitTestResult executionId="e3067830-047b-463b-a463-ba45ec17e183" testId="1c34bf0d-fc0a-8731-bd26-3faf8d7a2c38" testName="WithoutValidation_AppWouldStartWithMissingEncryptionKey" computerName="ISNL-5NP8Q14" duration="00:00:00.0001190" startTime="2026-06-03T15:11:59.7605831+02:00" endTime="2026-06-03T15:11:59.7607225+02:00" testType="13cdc9d9-ddb5-4fa4-a97d-d965ccfc6d4b" outcome="Passed" testListId="8c84fa94-04c1-424b-9868-57a2d4851a1d" relativeResultsDirectory="e3067830-047b-463b-a463-ba45ec17e183" />
    <UnitTestResult executionId="512d483f-c0d3-4b14-afab-347baa595cd4" testId="10e7fee0-65eb-813d-9d16-e32634e9a25d" testName="Production_SwaggerEndpoints_AreNotAccessible" computerName="ISNL-5NP8Q14" duration="00:00:00.1215040" startTime="2026-06-03T15:12:05.7326700+02:00" endTime="2026-06-03T15:12:05.8542407+02:00" testType="13cdc9d9-ddb5-4fa4-a97d-d965ccfc6d4b" outcome="Passed" testListId="8c84fa94-04c1-424b-9868-57a2d4851a1d" relativeResultsDirectory="512d483f-c0d3-4b14-afab-347baa595cd4">
      <Output>
        <StdOut>[15:12:05 INF] Loading plugin assemblies from folder&#xD;
[15:12:05 INF] DataProtection keys will be persisted to PostgreSQL via AppDbContext. Ensure the database is available and migrations have run before the first OIDC request.&#xD;
[15:12:05 INF] Registered calendar source plugin&#xD;
[15:12:05 INF] Registered calendar source plugin</StdOut>
      </Output>
    </UnitTestResult>
    <UnitTestResult executionId="a75fe4ba-7bb4-48f0-bcc1-55c810e04c54" testId="1313d8b5-000c-88d5-9481-1cd20b34bbc0" testName="Hash_ProducesPbkdf2FormattedHash_AndVerifyPasses" computerName="ISNL-5NP8Q14" duration="00:00:00.0389153" startTime="2026-06-03T15:11:59.4565520+02:00" endTime="2026-06-03T15:11:59.4956328+02:00" testType="13cdc9d9-ddb5-4fa4-a97d-d965ccfc6d4b" outcome="Passed" testListId="8c84fa94-04c1-424b-9868-57a2d4851a1d" relativeResultsDirectory="a75fe4ba-7bb4-48f0-bcc1-55c810e04c54" />
    <UnitTestResult executionId="a963f1a8-2ad4-46e7-b83d-becef40c4a8b" testId="1461af25-b904-85a6-bc2f-6828a4a50d5f" testName="PushShadowSlots_WithRevokedPeer_ReturnsUnauthorized" computerName="ISNL-5NP8Q14" duration="00:00:00.3325157" startTime="2026-06-03T15:12:10.9306946+02:00" endTime="2026-06-03T15:12:11.2632589+02:00" testType="13cdc9d9-ddb5-4fa4-a97d-d965ccfc6d4b" outcome="Passed" testListId="8c84fa94-04c1-424b-9868-57a2d4851a1d" relativeResultsDirectory="a963f1a8-2ad4-46e7-b83d-becef40c4a8b">
      <Output>
        <StdOut>[15:12:10 INF] Loading plugin assemblies from folder&#xD;
[15:12:10 INF] DataProtection keys will be persisted to PostgreSQL via AppDbContext. Ensure the database is available and migrations have run before the first OIDC request.&#xD;
[15:12:10 INF] Registered calendar source plugin&#xD;
[15:12:10 INF] Registered calendar source plugin&#xD;
[15:12:10 WRN] Peer transport security is configured to allow self-signed certificates. Use this only for development or staging environments.&#xD;
[15:12:11 INF] Rate limit bucket eviction service is stopping.</StdOut>
      </Output>
    </UnitTestResult>
    <UnitTestResult executionId="4643eeac-6659-42dd-bffb-da6b0a04fa93" testId="1dc84252-7eee-8721-919d-538414514f7c" testName="InvokeAsync_SetsXFrameOptionsHeader" computerName="ISNL-5NP8Q14" duration="00:00:00.0004350" startTime="2026-06-03T15:11:59.7657824+02:00" endTime="2026-06-03T15:11:59.7662442+02:00" testType="13cdc9d9-ddb5-4fa4-a97d-d965ccfc6d4b" outcome="Passed" testListId="8c84fa94-04c1-424b-9868-57a2d4851a1d" relativeResultsDirectory="4643eeac-6659-42dd-bffb-da6b0a04fa93" />
    <UnitTestResult executionId="76610e64-1f0d-4030-ae2d-6904e7702016" testId="1dd7c0f1-720c-8e7f-923f-37e60e2e99e9" testName="Redact_WithApiKeyParameter_RedactsValue" computerName="ISNL-5NP8Q14" duration="00:00:00.0040779" startTime="2026-06-03T15:11:59.1161424+02:00" endTime="2026-06-03T15:11:59.1203089+02:00" testType="13cdc9d9-ddb5-4fa4-a97d-d965ccfc6d4b" outcome="Passed" testListId="8c84fa94-04c1-424b-9868-57a2d4851a1d" relativeResultsDirectory="76610e64-1f0d-4030-ae2d-6904e7702016" />
    <UnitTestResult executionId="233879c9-660c-4549-a4a4-e3e46c573f5d" testId="13743b3c-231b-8e59-af29-fd1e7b0d3555" testName="GetMergedFreeBusy_ReturnsNotFound_WhenAuthenticatedCalendarOwnerIsAutoProvisionedButRequestsDifferentId" computerName="ISNL-5NP8Q14" duration="00:00:00.1247996" startTime="2026-06-03T15:12:08.5493970+02:00" endTime="2026-06-03T15:12:08.6742632+02:00" testType="13cdc9d9-ddb5-4fa4-a97d-d965ccfc6d4b" outcome="Passed" testListId="8c84fa94-04c1-424b-9868-57a2d4851a1d" relativeResultsDirectory="233879c9-660c-4549-a4a4-e3e46c573f5d">
      <Output>
        <StdOut>[15:12:08 INF] Loading plugin assemblies from folder&#xD;
[15:12:08 INF] DataProtection keys will be persisted to PostgreSQL via AppDbContext. Ensure the database is available and migrations have run before the first OIDC request.&#xD;
[15:12:08 INF] Registered calendar source plugin&#xD;
[15:12:08 INF] Registered calendar source plugin&#xD;
[15:12:08 WRN] Peer transport security is configured to allow self-signed certificates. Use this only for development or staging environments.</StdOut>
      </Output>
    </UnitTestResult>
    <UnitTestResult executionId="924d5d9d-48d4-4636-a437-d94351d0aeb4" testId="1d8d0e3c-913c-872b-8997-26043c54e499" testName="PushShadowSlots_WithValidApiKeyButNoOwnerMappings_WritesPeerSlotRejectedAuditEvent" computerName="ISNL-5NP8Q14" duration="00:00:00.3451030" startTime="2026-06-03T15:12:09.7850102+02:00" endTime="2026-06-03T15:12:10.1302010+02:00" testType="13cdc9d9-ddb5-4fa4-a97d-d965ccfc6d4b" outcome="Passed" testListId="8c84fa94-04c1-424b-9868-57a2d4851a1d" relativeResultsDirectory="924d5d9d-48d4-4636-a437-d94351d0aeb4">
      <Output>
        <StdOut>[15:12:09 INF] Loading plugin assemblies from folder&#xD;
[15:12:09 INF] DataProtection keys will be persisted to PostgreSQL via AppDbContext. Ensure the database is available and migrations have run before the first OIDC request.&#xD;
[15:12:09 INF] Registered calendar source plugin&#xD;
[15:12:09 INF] Registered calendar source plugin&#xD;
[15:12:09 WRN] Peer transport security is configured to allow self-signed certificates. Use this only for development or staging environments.</StdOut>
      </Output>
    </UnitTestResult>
    <UnitTestResult executionId="6afc829b-555e-49a1-8103-a6a93b54340f" testId="14115de5-1fb5-84e2-a81f-487f8fb41a32" testName="Redact_MasksConnectionStringPassword" computerName="ISNL-5NP8Q14" duration="00:00:00.0002705" startTime="2026-06-03T15:11:59.8047415+02:00" endTime="2026-06-03T15:11:59.8050680+02:00" testType="13cdc9d9-ddb5-4fa4-a97d-d965ccfc6d4b" outcome="Passed" testListId="8c84fa94-04c1-424b-9868-57a2d4851a1d" relativeResultsDirectory="6afc829b-555e-49a1-8103-a6a93b54340f" />
    <UnitTestResult executionId="148c7030-2789-4be9-a9f6-dd5598a1b0c2" testId="13cd63ff-f535-827a-8fa0-ea30738cf41a" testName="WithoutSecurityHeadersMiddleware_ReferrerPolicyIsAbsent" computerName="ISNL-5NP8Q14" duration="00:00:00.0000751" startTime="2026-06-03T15:11:59.7677646+02:00" endTime="2026-06-03T15:11:59.7678551+02:00" testType="13cdc9d9-ddb5-4fa4-a97d-d965ccfc6d4b" outcome="Passed" testListId="8c84fa94-04c1-424b-9868-57a2d4851a1d" relativeResultsDirectory="148c7030-2789-4be9-a9f6-dd5598a1b0c2" />
    <UnitTestResult executionId="8ac9d357-6856-4451-af70-c5709bf29415" testId="1da85d44-d134-8207-bac7-ca5892bc8dc3" testName="Verify_WithLegacySha256Hash_RemainsSupported" computerName="ISNL-5NP8Q14" duration="00:00:00.0002250" startTime="2026-06-03T15:11:59.5330027+02:00" endTime="2026-06-03T15:11:59.5332673+02:00" testType="13cdc9d9-ddb5-4fa4-a97d-d965ccfc6d4b" outcome="Passed" testListId="8c84fa94-04c1-424b-9868-57a2d4851a1d" relativeResultsDirectory="8ac9d357-6856-4451-af70-c5709bf29415" />
    <UnitTestResult executionId="f2239803-7823-41ed-9837-dedd3ecad592" testId="1770f381-8fdf-8425-a5af-0e5efe810868" testName="Pbkdf2Hash_IsNonDeterministic_EvenForSameKey" computerName="ISNL-5NP8Q14" duration="00:00:00.0730694" startTime="2026-06-03T15:11:59.5333614+02:00" endTime="2026-06-03T15:11:59.6064679+02:00" testType="13cdc9d9-ddb5-4fa4-a97d-d965ccfc6d4b" outcome="Passed" testListId="8c84fa94-04c1-424b-9868-57a2d4851a1d" relativeResultsDirectory="f2239803-7823-41ed-9837-dedd3ecad592" />
    <UnitTestResult executionId="a9b7454c-0829-4cd1-96a7-8645534faad3" testId="12e068aa-bd34-816a-8064-cfe59dd97006" testName="Redact_WithMultipleCredentialTypes_RedactsAll" computerName="ISNL-5NP8Q14" duration="00:00:00.0001405" startTime="2026-06-03T15:11:59.1414921+02:00" endTime="2026-06-03T15:11:59.1416462+02:00" testType="13cdc9d9-ddb5-4fa4-a97d-d965ccfc6d4b" outcome="Passed" testListId="8c84fa94-04c1-424b-9868-57a2d4851a1d" relativeResultsDirectory="a9b7454c-0829-4cd1-96a7-8645534faad3" />
    <UnitTestResult executionId="2d986dd9-4e72-4a2c-b5a7-83faf8cc0df2" testId="1a18890f-a91a-8886-b254-19d85ee74b53" testName="PullBusySlotsForPeer_WithMissingPullScope_ReturnsForbidden" computerName="ISNL-5NP8Q14" duration="00:00:00.3273865" startTime="2026-06-03T15:12:10.4466439+02:00" endTime="2026-06-03T15:12:10.7740866+02:00" testType="13cdc9d9-ddb5-4fa4-a97d-d965ccfc6d4b" outcome="Passed" testListId="8c84fa94-04c1-424b-9868-57a2d4851a1d" relativeResultsDirectory="2d986dd9-4e72-4a2c-b5a7-83faf8cc0df2">
      <Output>
        <StdOut>[15:12:10 INF] Loading plugin assemblies from folder&#xD;
[15:12:10 INF] DataProtection keys will be persisted to PostgreSQL via AppDbContext. Ensure the database is available and migrations have run before the first OIDC request.&#xD;
[15:12:10 INF] Registered calendar source plugin&#xD;
[15:12:10 INF] Registered calendar source plugin&#xD;
[15:12:10 WRN] Peer transport security is configured to allow self-signed certificates. Use this only for development or staging environments.</StdOut>
      </Output>
    </UnitTestResult>
    <UnitTestResult executionId="84618278-88a1-49d4-bc65-4f54d3f5f037" testId="19e1f972-8997-8fbf-bc42-4082cc72d6e9" testName="Redact_WithEmptyString_ReturnsEmpty" computerName="ISNL-5NP8Q14" duration="00:00:00.0000574" startTime="2026-06-03T15:11:59.1416531+02:00" endTime="2026-06-03T15:11:59.1417244+02:00" testType="13cdc9d9-ddb5-4fa4-a97d-d965ccfc6d4b" outcome="Passed" testListId="8c84fa94-04c1-424b-9868-57a2d4851a1d" relativeResultsDirectory="84618278-88a1-49d4-bc65-4f54d3f5f037" />
    <UnitTestResult executionId="6096293a-1c6d-4700-9f38-a2f1acd68fac" testId="15fb1239-bd64-83c7-a33c-fb0889d2619f" testName="ValidateOrThrow_WhenRequiredSecretIsNull_ThrowsInvalidOperationException" computerName="ISNL-5NP8Q14" duration="00:00:00.0001778" startTime="2026-06-03T15:11:59.7599852+02:00" endTime="2026-06-03T15:11:59.7601822+02:00" testType="13cdc9d9-ddb5-4fa4-a97d-d965ccfc6d4b" outcome="Passed" testListId="8c84fa94-04c1-424b-9868-57a2d4851a1d" relativeResultsDirectory="6096293a-1c6d-4700-9f38-a2f1acd68fac" />
    <UnitTestResult executionId="710b3f40-fe54-44be-86fd-7da2ef710c74" testId="15163ddd-8ad6-812c-bd30-a8112e398de5" testName="SecurityHeaders_ArePresent_OnUnauthorizedApiResponse" computerName="ISNL-5NP8Q14" duration="00:00:00.2162886" startTime="2026-06-03T15:12:04.4916174+02:00" endTime="2026-06-03T15:12:04.7080037+02:00" testType="13cdc9d9-ddb5-4fa4-a97d-d965ccfc6d4b" outcome="Passed" testListId="8c84fa94-04c1-424b-9868-57a2d4851a1d" relativeResultsDirectory="710b3f40-fe54-44be-86fd-7da2ef710c74">
      <Output>
        <StdOut>[15:12:04 INF] Loading plugin assemblies from folder&#xD;
[15:12:04 INF] DataProtection keys will be persisted to PostgreSQL via AppDbContext. Ensure the database is available and migrations have run before the first OIDC request.&#xD;
[15:12:04 INF] Registered calendar source plugin&#xD;
[15:12:04 INF] Registered calendar source plugin&#xD;
[15:12:04 WRN] Peer transport security is configured to allow self-signed certificates. Use this only for development or staging environments.&#xD;
[15:12:04 INF] Rate limit bucket eviction service is stopping.</StdOut>
      </Output>
    </UnitTestResult>
    <UnitTestResult executionId="806e5886-2b0e-4f93-bb4b-e7f4bdec4440" testId="14fc6c04-97bf-805a-a7f3-89d855e2641b" testName="Development_SwaggerUi_ContainsConfiguredOAuthClientAndRedirectUri" computerName="ISNL-5NP8Q14" duration="00:00:00.1017311" startTime="2026-06-03T15:12:05.6308155+02:00" endTime="2026-06-03T15:12:05.7326353+02:00" testType="13cdc9d9-ddb5-4fa4-a97d-d965ccfc6d4b" outcome="Passed" testListId="8c84fa94-04c1-424b-9868-57a2d4851a1d" relativeResultsDirectory="806e5886-2b0e-4f93-bb4b-e7f4bdec4440">
      <Output>
        <StdOut>[15:12:05 INF] Loading plugin assemblies from folder&#xD;
[15:12:05 INF] DataProtection keys will be persisted to PostgreSQL via AppDbContext. Ensure the database is available and migrations have run before the first OIDC request.&#xD;
[15:12:05 INF] Registered calendar source plugin&#xD;
[15:12:05 INF] Registered calendar source plugin&#xD;
[15:12:05 WRN] Peer transport security is configured to allow self-signed certificates. Use this only for development or staging environments.</StdOut>
      </Output>
    </UnitTestResult>
    <UnitTestResult executionId="b9158e47-9d79-44f6-a566-68acd9b2b7b5" testId="1c632c2c-fb22-8bb2-bf8d-380637cbd86c" testName="PullBusySlots_WhenPeerExceedsSeparateRateLimit_ReturnsTooManyRequests" computerName="ISNL-5NP8Q14" duration="00:00:00.4083528" startTime="2026-06-03T15:12:11.6323744+02:00" endTime="2026-06-03T15:12:12.0407832+02:00" testType="13cdc9d9-ddb5-4fa4-a97d-d965ccfc6d4b" outcome="Passed" testListId="8c84fa94-04c1-424b-9868-57a2d4851a1d" relativeResultsDirectory="b9158e47-9d79-44f6-a566-68acd9b2b7b5">
      <Output>
        <StdOut>[15:12:11 INF] Loading plugin assemblies from folder&#xD;
[15:12:11 INF] DataProtection keys will be persisted to PostgreSQL via AppDbContext. Ensure the database is available and migrations have run before the first OIDC request.&#xD;
[15:12:11 INF] Registered calendar source plugin&#xD;
[15:12:11 INF] Registered calendar source plugin&#xD;
[15:12:11 WRN] Peer transport security is configured to allow self-signed certificates. Use this only for development or staging environments.</StdOut>
      </Output>
    </UnitTestResult>
    <UnitTestResult executionId="44dfbf58-3c28-4f50-8755-9aa74414fa4f" testId="107021ed-e128-88cf-bdbd-a08f623fbe9c" testName="Constructor_ThrowsInvalidOperation_WhenSecretMissing" computerName="ISNL-5NP8Q14" duration="00:00:00.0002742" startTime="2026-06-03T15:11:59.1053053+02:00" endTime="2026-06-03T15:11:59.1056025+02:00" testType="13cdc9d9-ddb5-4fa4-a97d-d965ccfc6d4b" outcome="Passed" testListId="8c84fa94-04c1-424b-9868-57a2d4851a1d" relativeResultsDirectory="44dfbf58-3c28-4f50-8755-9aa74414fa4f" />
    <UnitTestResult executionId="df8e4229-29dd-4bf1-b317-b5c67d6811e1" testId="15afb808-4e6d-8a02-88df-d35015723aec" testName="PushShadowSlots_WhenUnauthenticatedRequestExceedsBackstopRateLimit_ReturnsTooManyRequests" computerName="ISNL-5NP8Q14" duration="00:00:00.1465512" startTime="2026-06-03T15:12:12.0408085+02:00" endTime="2026-06-03T15:12:12.1874142+02:00" testType="13cdc9d9-ddb5-4fa4-a97d-d965ccfc6d4b" outcome="Passed" testListId="8c84fa94-04c1-424b-9868-57a2d4851a1d" relativeResultsDirectory="df8e4229-29dd-4bf1-b317-b5c67d6811e1">
      <Output>
        <StdOut>[15:12:12 INF] Loading plugin assemblies from folder&#xD;
[15:12:12 INF] DataProtection keys will be persisted to PostgreSQL via AppDbContext. Ensure the database is available and migrations have run before the first OIDC request.&#xD;
[15:12:12 INF] Registered calendar source plugin&#xD;
[15:12:12 INF] Registered calendar source plugin&#xD;
[15:12:12 WRN] Peer transport security is configured to allow self-signed certificates. Use this only for development or staging environments.</StdOut>
      </Output>
    </UnitTestResult>
    <UnitTestResult executionId="080efb1f-964a-4d52-b6ee-8e8eaef0ad1a" testId="1646e34f-eb22-8ee6-9a86-b90faa167296" testName="WriteAsync_SanitizesMultipleFields" computerName="ISNL-5NP8Q14" duration="00:00:00.0003431" startTime="2026-06-03T15:11:59.4080085+02:00" endTime="2026-06-03T15:11:59.4083979+02:00" testType="13cdc9d9-ddb5-4fa4-a97d-d965ccfc6d4b" outcome="Passed" testListId="8c84fa94-04c1-424b-9868-57a2d4851a1d" relativeResultsDirectory="080efb1f-964a-4d52-b6ee-8e8eaef0ad1a" />
    <UnitTestResult executionId="d31648fa-a472-4b50-9c63-7bfef9682951" testId="1765e2ee-6f6d-86ca-9ecf-ff636f7267d8" testName="GetPeerSyncStatus_ReturnsUnauthorized_WhenNotAuthenticated" computerName="ISNL-5NP8Q14" duration="00:00:00.1328311" startTime="2026-06-03T15:12:13.6094421+02:00" endTime="2026-06-03T15:12:13.7424080+02:00" testType="13cdc9d9-ddb5-4fa4-a97d-d965ccfc6d4b" outcome="Passed" testListId="8c84fa94-04c1-424b-9868-57a2d4851a1d" relativeResultsDirectory="d31648fa-a472-4b50-9c63-7bfef9682951">
      <Output>
        <StdOut>[15:12:13 INF] Loading plugin assemblies from folder&#xD;
[15:12:13 INF] DataProtection keys will be persisted to PostgreSQL via AppDbContext. Ensure the database is available and migrations have run before the first OIDC request.&#xD;
[15:12:13 INF] Registered calendar source plugin&#xD;
[15:12:13 INF] Registered calendar source plugin&#xD;
[15:12:13 WRN] Peer transport security is configured to allow self-signed certificates. Use this only for development or staging environments.</StdOut>
      </Output>
    </UnitTestResult>
    <UnitTestResult executionId="2a25e4f5-9a68-4efb-a577-04f0986030df" testId="128a6773-3955-857b-befc-c90f564c904f" testName="AddIcalFeed_ReturnsBadRequest_WhenFeedUrlUsesHttpScheme" computerName="ISNL-5NP8Q14" duration="00:00:00.1548764" startTime="2026-06-03T15:12:07.4862120+02:00" endTime="2026-06-03T15:12:07.6412487+02:00" testType="13cdc9d9-ddb5-4fa4-a97d-d965ccfc6d4b" outcome="Passed" testListId="8c84fa94-04c1-424b-9868-57a2d4851a1d" relativeResultsDirectory="2a25e4f5-9a68-4efb-a577-04f0986030df">
      <Output>
        <StdOut>[15:12:07 INF] Loading plugin assemblies from folder&#xD;
[15:12:07 INF] DataProtection keys will be persisted to PostgreSQL via AppDbContext. Ensure the database is available and migrations have run before the first OIDC request.&#xD;
[15:12:07 INF] Registered calendar source plugin&#xD;
[15:12:07 INF] Registered calendar source plugin&#xD;
[15:12:07 WRN] Peer transport security is configured to allow self-signed certificates. Use this only for development or staging environments.&#xD;
[15:12:07 INF] Rate limit bucket eviction service is stopping.</StdOut>
      </Output>
    </UnitTestResult>
    <UnitTestResult executionId="22ffcc6c-2639-486d-92d9-efdbff0f19c1" testId="1cd8d009-3440-8aed-a2d9-95e4a5fefee3" testName="Encrypt_EmptyString_RoundTrips" computerName="ISNL-5NP8Q14" duration="00:00:00.0000667" startTime="2026-06-03T15:11:59.1057678+02:00" endTime="2026-06-03T15:11:59.1068202+02:00" testType="13cdc9d9-ddb5-4fa4-a97d-d965ccfc6d4b" outcome="Passed" testListId="8c84fa94-04c1-424b-9868-57a2d4851a1d" relativeResultsDirectory="22ffcc6c-2639-486d-92d9-efdbff0f19c1" />
    <UnitTestResult executionId="307f061e-239d-4372-8e88-0eba5829b460" testId="1d45da84-d575-8ab1-8caf-86bce9974643" testName="LegacySha256Hash_IsDeterministic_RevealingRainbowTableVulnerability" computerName="ISNL-5NP8Q14" duration="00:00:00.0000634" startTime="2026-06-03T15:11:59.5332768+02:00" endTime="2026-06-03T15:11:59.5333559+02:00" testType="13cdc9d9-ddb5-4fa4-a97d-d965ccfc6d4b" outcome="Passed" testListId="8c84fa94-04c1-424b-9868-57a2d4851a1d" relativeResultsDirectory="307f061e-239d-4372-8e88-0eba5829b460" />
    <UnitTestResult executionId="7996032a-5e97-4e3d-a5eb-6396535c632f" testId="1c2012d4-07f4-8102-8a49-7a77e29f4f42" testName="PushShadowSlots_ReturnsRetryAfterHeaderWithCorrectValue" computerName="ISNL-5NP8Q14" duration="00:00:00.3792463" startTime="2026-06-03T15:12:12.1874355+02:00" endTime="2026-06-03T15:12:12.5667365+02:00" testType="13cdc9d9-ddb5-4fa4-a97d-d965ccfc6d4b" outcome="Passed" testListId="8c84fa94-04c1-424b-9868-57a2d4851a1d" relativeResultsDirectory="7996032a-5e97-4e3d-a5eb-6396535c632f">
      <Output>
        <StdOut>[15:12:12 INF] Loading plugin assemblies from folder&#xD;
[15:12:12 INF] DataProtection keys will be persisted to PostgreSQL via AppDbContext. Ensure the database is available and migrations have run before the first OIDC request.&#xD;
[15:12:12 INF] Registered calendar source plugin&#xD;
[15:12:12 INF] Registered calendar source plugin&#xD;
[15:12:12 WRN] Peer transport security is configured to allow self-signed certificates. Use this only for development or staging environments.&#xD;
[15:12:12 INF] Rate limit bucket eviction service is stopping.</StdOut>
      </Output>
    </UnitTestResult>
    <UnitTestResult executionId="546e945b-8fcd-4750-8e68-a49aff39a124" testId="13fa6540-9138-8d5d-9578-cdef2d6bb75f" testName="RotateFlow_WritesKeyRotationAuditEvent" computerName="ISNL-5NP8Q14" duration="00:00:00.2461757" startTime="2026-06-03T15:12:07.2399220+02:00" endTime="2026-06-03T15:12:07.4861854+02:00" testType="13cdc9d9-ddb5-4fa4-a97d-d965ccfc6d4b" outcome="Passed" testListId="8c84fa94-04c1-424b-9868-57a2d4851a1d" relativeResultsDirectory="546e945b-8fcd-4750-8e68-a49aff39a124">
      <Output>
        <StdOut>[15:12:07 INF] Loading plugin assemblies from folder&#xD;
[15:12:07 INF] DataProtection keys will be persisted to PostgreSQL via AppDbContext. Ensure the database is available and migrations have run before the first OIDC request.&#xD;
[15:12:07 INF] Registered calendar source plugin&#xD;
[15:12:07 INF] Registered calendar source plugin&#xD;
[15:12:07 WRN] Peer transport security is configured to allow self-signed certificates. Use this only for development or staging environments.&#xD;
[15:12:07 INF] Rate limit bucket eviction service is stopping.</StdOut>
      </Output>
    </UnitTestResult>
    <UnitTestResult executionId="04ed1c1b-e33d-4d96-bdad-02c394b0f94c" testId="18ed3950-9084-8dc7-87cf-ca223129d25f" testName="AddIcalFeed_ReturnsBadRequest_WhenFeedUrlUsesPrivateIpHost" computerName="ISNL-5NP8Q14" duration="00:00:00.1430873" startTime="2026-06-03T15:12:07.6412776+02:00" endTime="2026-06-03T15:12:07.7844255+02:00" testType="13cdc9d9-ddb5-4fa4-a97d-d965ccfc6d4b" outcome="Passed" testListId="8c84fa94-04c1-424b-9868-57a2d4851a1d" relativeResultsDirectory="04ed1c1b-e33d-4d96-bdad-02c394b0f94c">
      <Output>
        <StdOut>[15:12:07 INF] Loading plugin assemblies from folder&#xD;
[15:12:07 INF] DataProtection keys will be persisted to PostgreSQL via AppDbContext. Ensure the database is available and migrations have run before the first OIDC request.&#xD;
[15:12:07 INF] Registered calendar source plugin&#xD;
[15:12:07 INF] Registered calendar source plugin&#xD;
[15:12:07 WRN] Peer transport security is configured to allow self-signed certificates. Use this only for development or staging environments.</StdOut>
      </Output>
    </UnitTestResult>
    <UnitTestResult executionId="e058cfd7-9a1c-406c-8dc1-5ca0ed29e1de" testId="17f10a1f-4ea9-8d99-b1af-14fc13ad3bc7" testName="Redact_WithClientSecret_RedactsValue" computerName="ISNL-5NP8Q14" duration="00:00:00.0001006" startTime="2026-06-03T15:11:59.1384015+02:00" endTime="2026-06-03T15:11:59.1385392+02:00" testType="13cdc9d9-ddb5-4fa4-a97d-d965ccfc6d4b" outcome="Passed" testListId="8c84fa94-04c1-424b-9868-57a2d4851a1d" relativeResultsDirectory="e058cfd7-9a1c-406c-8dc1-5ca0ed29e1de" />
    <UnitTestResult executionId="9d2c58be-eb35-4fc7-9fc4-fc9c99e481c7" testId="1d2aea7a-122d-88f0-bd59-20be9444c511" testName="PushShadowSlots_WithOwnerScopedPayloadForUnmappedOwner_ReturnsForbidden" computerName="ISNL-5NP8Q14" duration="00:00:00.2371710" startTime="2026-06-03T15:12:08.9130435+02:00" endTime="2026-06-03T15:12:09.1502762+02:00" testType="13cdc9d9-ddb5-4fa4-a97d-d965ccfc6d4b" outcome="Passed" testListId="8c84fa94-04c1-424b-9868-57a2d4851a1d" relativeResultsDirectory="9d2c58be-eb35-4fc7-9fc4-fc9c99e481c7">
      <Output>
        <StdOut>[15:12:08 INF] Loading plugin assemblies from folder&#xD;
[15:12:08 INF] DataProtection keys will be persisted to PostgreSQL via AppDbContext. Ensure the database is available and migrations have run before the first OIDC request.&#xD;
[15:12:08 INF] Registered calendar source plugin&#xD;
[15:12:08 INF] Registered calendar source plugin&#xD;
[15:12:08 WRN] Peer transport security is configured to allow self-signed certificates. Use this only for development or staging environments.</StdOut>
      </Output>
    </UnitTestResult>
    <UnitTestResult executionId="7922858f-fe6b-4869-9b57-8148bae53669" testId="18c5e0da-3d2e-83ac-a6b1-b246886a7453" testName="Redact_WithPassword_RedactsValue" computerName="ISNL-5NP8Q14" duration="00:00:00.0000631" startTime="2026-06-03T15:11:59.1385510+02:00" endTime="2026-06-03T15:11:59.1386337+02:00" testType="13cdc9d9-ddb5-4fa4-a97d-d965ccfc6d4b" outcome="Passed" testListId="8c84fa94-04c1-424b-9868-57a2d4851a1d" relativeResultsDirectory="7922858f-fe6b-4869-9b57-8148bae53669" />
    <UnitTestResult executionId="c806b9ab-0c4e-4e1d-9730-b11c2f352e4d" testId="1ff05017-66fa-89cf-9609-fc41ba31e6b5" testName="Redact_WithWhitespaceString_ReturnsWhitespace" computerName="ISNL-5NP8Q14" duration="00:00:00.0000511" startTime="2026-06-03T15:11:59.1427392+02:00" endTime="2026-06-03T15:11:59.1428048+02:00" testType="13cdc9d9-ddb5-4fa4-a97d-d965ccfc6d4b" outcome="Passed" testListId="8c84fa94-04c1-424b-9868-57a2d4851a1d" relativeResultsDirectory="c806b9ab-0c4e-4e1d-9730-b11c2f352e4d" />
    <UnitTestResult executionId="a8a8e5ff-e11b-42be-8796-390a3a8e132b" testId="11c7e776-b4c4-8e9d-8936-ad9f32930b6c" testName="Encrypt_ProducesCiphertextDifferentFromPlaintext" computerName="ISNL-5NP8Q14" duration="00:00:00.0064926" startTime="2026-06-03T15:11:59.0823661+02:00" endTime="2026-06-03T15:11:59.0999374+02:00" testType="13cdc9d9-ddb5-4fa4-a97d-d965ccfc6d4b" outcome="Passed" testListId="8c84fa94-04c1-424b-9868-57a2d4851a1d" relativeResultsDirectory="a8a8e5ff-e11b-42be-8796-390a3a8e132b" />
    <UnitTestResult executionId="b511e5bd-41cf-4810-8778-695eb528a983" testId="14b6265e-f5de-8a3a-9212-9bb97a78ae31" testName="RevokeFlow_SetsRevokedAt_AndPeerAuthStopsImmediately" computerName="ISNL-5NP8Q14" duration="00:00:00.2286070" startTime="2026-06-03T15:12:06.6813805+02:00" endTime="2026-06-03T15:12:06.9100490+02:00" testType="13cdc9d9-ddb5-4fa4-a97d-d965ccfc6d4b" outcome="Passed" testListId="8c84fa94-04c1-424b-9868-57a2d4851a1d" relativeResultsDirectory="b511e5bd-41cf-4810-8778-695eb528a983">
      <Output>
        <StdOut>[15:12:06 INF] Loading plugin assemblies from folder&#xD;
[15:12:06 INF] DataProtection keys will be persisted to PostgreSQL via AppDbContext. Ensure the database is available and migrations have run before the first OIDC request.&#xD;
[15:12:06 INF] Registered calendar source plugin&#xD;
[15:12:06 INF] Registered calendar source plugin&#xD;
[15:12:06 WRN] Peer transport security is configured to allow self-signed certificates. Use this only for development or staging environments.</StdOut>
      </Output>
    </UnitTestResult>
    <UnitTestResult executionId="b40f5edb-3e3b-4fbf-b4b9-0fb5f0e15aed" testId="1e096816-6d19-8c82-bead-1e9a5c975988" testName="Redact_WithRefreshToken_RedactsValue" computerName="ISNL-5NP8Q14" duration="00:00:00.0000751" startTime="2026-06-03T15:11:59.1411614+02:00" endTime="2026-06-03T15:11:59.1412558+02:00" testType="13cdc9d9-ddb5-4fa4-a97d-d965ccfc6d4b" outcome="Passed" testListId="8c84fa94-04c1-424b-9868-57a2d4851a1d" relativeResultsDirectory="b40f5edb-3e3b-4fbf-b4b9-0fb5f0e15aed" />
  </Results>
  <TestDefinitions>
    <UnitTest name="Redact_MasksConnectionStringPassword" storage="c:\users\matthiash\vscodeprojects\stage\obfuscal\obfuscal.tests\bin\debug\net10.0\obfuscal.tests.dll" id="14115de5-1fb5-84e2-a81f-487f8fb41a32">
      <Execution id="6afc829b-555e-49a1-8103-a6a93b54340f" />
      <TestMethod codeBase="C:\Users\MatthiasH\VSCodeProjects\Stage\ObfusCal\ObfusCal.Tests\bin\Debug\net10.0\ObfusCal.Tests.dll" adapterTypeName="executor://mstestadapter/v4" className="ObfusCal.Tests.Unit.Configuration.DefaultLogRedactorTests" name="Redact_MasksConnectionStringPassword" />
    </UnitTest>
    <UnitTest name="RevokeFlow_SetsRevokedAt_AndPeerAuthStopsImmediately" storage="c:\users\matthiash\vscodeprojects\stage\obfuscal\obfuscal.tests\bin\debug\net10.0\obfuscal.tests.dll" id="14b6265e-f5de-8a3a-9212-9bb97a78ae31">
      <Execution id="b511e5bd-41cf-4810-8778-695eb528a983" />
[...]
    <TestEntry testId="1e70f0b5-6e68-89a4-8297-1c9a87744fe9" executionId="d86ab587-3a31-4f0c-90cb-acb952e5fec3" testListId="8c84fa94-04c1-424b-9868-57a2d4851a1d" />
    <TestEntry testId="1dcebe79-1d97-84ee-90fb-58c0191aaff4" executionId="fe231b9a-7b8a-4cd2-b840-b1c43b02ce34" testListId="8c84fa94-04c1-424b-9868-57a2d4851a1d" />
    <TestEntry testId="16d04195-fb8f-8065-92ea-d6515cf1c845" executionId="3dcf6b16-32a5-4769-b8be-8442eb3d36d8" testListId="8c84fa94-04c1-424b-9868-57a2d4851a1d" />
    <TestEntry testId="1cbe2b3d-ee50-86e3-99a7-dd036795d601" executionId="a31e0913-a392-4d9d-91ef-55ae6067bed9" testListId="8c84fa94-04c1-424b-9868-57a2d4851a1d" />
    <TestEntry testId="1d566059-b5f1-8c13-9a06-47c8064cda3f" executionId="e436731b-14e5-4a48-8074-c8d8711d9251" testListId="8c84fa94-04c1-424b-9868-57a2d4851a1d" />
    <TestEntry testId="1b4233f0-4b06-8731-a721-f4ecbd7a9594" executionId="05737d4e-21dc-402c-8420-b9b5452f5fc5" testListId="8c84fa94-04c1-424b-9868-57a2d4851a1d" />
    <TestEntry testId="1442db76-3d00-81db-abce-02253be5ca0e" executionId="50bba032-d2cf-4b12-aa6d-fc7e97fb4814" testListId="8c84fa94-04c1-424b-9868-57a2d4851a1d" />
    <TestEntry testId="168d54f2-2c12-8b9a-af68-419e5653686c" executionId="5e2c9a5d-1b8a-4f12-bf97-a8f577bbbf6e" testListId="8c84fa94-04c1-424b-9868-57a2d4851a1d" />
    <TestEntry testId="1eb2e4eb-122f-8a54-a88d-bb7d1d8dc68e" executionId="0549935e-5f97-444e-b9b7-4b22102fd585" testListId="8c84fa94-04c1-424b-9868-57a2d4851a1d" />
    <TestEntry testId="1695c6e1-f059-8769-986a-5d5a11217254" executionId="3cfa29f7-dd8f-48ee-ac0b-a4499e8fc547" testListId="8c84fa94-04c1-424b-9868-57a2d4851a1d" />
    <TestEntry testId="13224b92-551d-8018-99fd-88159b7738d8" executionId="1ac80768-a166-4b58-9a7c-d450b0061fc7" testListId="8c84fa94-04c1-424b-9868-57a2d4851a1d" />
    <TestEntry testId="160d5f8f-bd01-8250-8d2e-d97b5b6d70e7" executionId="587f02bd-b05b-4126-9fc4-cc6aab29d007" testListId="8c84fa94-04c1-424b-9868-57a2d4851a1d" />
    <TestEntry testId="12b11a89-9c90-8952-bfde-6b17ad29cf37" executionId="56a6d2db-ec4c-499f-b462-aa2a4571eeb2" testListId="8c84fa94-04c1-424b-9868-57a2d4851a1d" />
    <TestEntry testId="1b8557c4-2112-89e5-9940-80ce3ef03f85" executionId="f0ebe279-6a64-464b-bcde-63006d073042" testListId="8c84fa94-04c1-424b-9868-57a2d4851a1d" />
    <TestEntry testId="1910a5a2-bae5-82d9-a82f-92f8814406d2" executionId="34c55f2a-c2d7-406c-9f8b-3363f3b9f03b" testListId="8c84fa94-04c1-424b-9868-57a2d4851a1d" />
    <TestEntry testId="10929c9c-517c-87f2-a4cd-c9d7f8f3b27f" executionId="d3c6f940-90ff-418a-b795-89224ba8ce82" testListId="8c84fa94-04c1-424b-9868-57a2d4851a1d" />
    <TestEntry testId="129e495f-cca0-89b7-a351-92def873ab19" executionId="8af4e919-12cb-443f-b298-298ff2b11f22" testListId="8c84fa94-04c1-424b-9868-57a2d4851a1d" />
    <TestEntry testId="1e89623a-d0aa-8980-aefe-0bcfd2435f95" executionId="cda97a23-1d7e-402a-9579-28e921d26c7e" testListId="8c84fa94-04c1-424b-9868-57a2d4851a1d" />
    <TestEntry testId="1376354b-673e-8f82-b1ae-f6401c2f195d" executionId="5d21a21b-8555-4a29-b5cc-f7f740f73434" testListId="8c84fa94-04c1-424b-9868-57a2d4851a1d" />
    <TestEntry testId="143c95d2-7fb1-89cc-8e23-c9be763c4c2c" executionId="dfc3917f-ece7-41a0-bff3-06e92ee37132" testListId="8c84fa94-04c1-424b-9868-57a2d4851a1d" />
    <TestEntry testId="1813a731-2aa9-87b4-89d6-2850408404f9" executionId="663b5672-1702-4862-bb94-a646f26e110e" testListId="8c84fa94-04c1-424b-9868-57a2d4851a1d" />
    <TestEntry testId="167fa734-03f3-8568-8bfc-13001174e116" executionId="cfeabcb1-f11d-440c-a365-b990062c7687" testListId="8c84fa94-04c1-424b-9868-57a2d4851a1d" />
    <TestEntry testId="1df1f899-ef2a-833b-8347-07dc101b84e5" executionId="c401c54b-d71d-431b-aa04-57ab9cf9c115" testListId="8c84fa94-04c1-424b-9868-57a2d4851a1d" />
    <TestEntry testId="1da2947c-7b5e-8fd0-b4c7-ed20f1a02125" executionId="4481eace-8322-441f-91c4-8d4ffb863d08" testListId="8c84fa94-04c1-424b-9868-57a2d4851a1d" />
    <TestEntry testId="17c49138-2278-8882-a40c-54aeb5670d91" executionId="770abd62-e5df-4bc9-944b-c58f60ec2f69" testListId="8c84fa94-04c1-424b-9868-57a2d4851a1d" />
    <TestEntry testId="109c8c4a-1bd6-8f25-9433-1bfb753cd368" executionId="f585766f-7a5f-421a-ba36-7e4eeb84f3c8" testListId="8c84fa94-04c1-424b-9868-57a2d4851a1d" />
    <TestEntry testId="17d53ca0-cb57-8b3b-954b-8f66bc7788e3" executionId="58ebd85a-f781-4fc1-8cf9-67ef6035f6d4" testListId="8c84fa94-04c1-424b-9868-57a2d4851a1d" />
    <TestEntry testId="16971962-b431-86a4-b234-a850c62f43c0" executionId="1333c753-641b-410a-bf83-80f9289c4e18" testListId="8c84fa94-04c1-424b-9868-57a2d4851a1d" />
    <TestEntry testId="1137ac0a-02d5-8150-abbe-eddaabdc02aa" executionId="1d7f7f2d-31a3-4d5f-a110-7b7987a88fe4" testListId="8c84fa94-04c1-424b-9868-57a2d4851a1d" />
    <TestEntry testId="188d673b-e9f2-8edb-874f-b8fe02f5b5e5" executionId="cb6bacc5-67ed-4f5b-b238-9cadd4ce8174" testListId="8c84fa94-04c1-424b-9868-57a2d4851a1d" />
    <TestEntry testId="1cf64a9f-3755-8908-a10b-74097baf0976" executionId="3a902546-5e4e-4f80-a9f9-3569c2587c42" testListId="8c84fa94-04c1-424b-9868-57a2d4851a1d" />
    <TestEntry testId="14b762e8-4337-8b8a-9732-1dff725b82c3" executionId="c7bf3f89-c605-4468-97c9-2fb4643cb815" testListId="8c84fa94-04c1-424b-9868-57a2d4851a1d" />
    <TestEntry testId="18eaf8b4-045c-8a5d-807a-5043b9190ff9" executionId="affbeab6-2a95-4535-838a-a7f420f0c33f" testListId="8c84fa94-04c1-424b-9868-57a2d4851a1d" />
    <TestEntry testId="1e932d83-52c6-8862-aa99-b85c3e393e8b" executionId="27393bae-0714-44fb-8202-8a8bd42cb8e4" testListId="8c84fa94-04c1-424b-9868-57a2d4851a1d" />
    <TestEntry testId="1f8a1ffe-be67-8b8a-b3d3-2a6ca4273694" executionId="e86f6ae3-d3c3-413b-b5c3-798ed122f219" testListId="8c84fa94-04c1-424b-9868-57a2d4851a1d" />
    <TestEntry testId="191fda37-77f6-8aef-988e-4f007d732a09" executionId="2f65e884-22af-436c-b221-7d17fa94f059" testListId="8c84fa94-04c1-424b-9868-57a2d4851a1d" />
    <TestEntry testId="14c8c953-4397-8dc5-8ccd-ae6785a9c6f8" executionId="d9d729ed-9478-450a-9f67-92dc37343058" testListId="8c84fa94-04c1-424b-9868-57a2d4851a1d" />
    <TestEntry testId="1c34bf0d-fc0a-8731-bd26-3faf8d7a2c38" executionId="e3067830-047b-463b-a463-ba45ec17e183" testListId="8c84fa94-04c1-424b-9868-57a2d4851a1d" />
    <TestEntry testId="10e7fee0-65eb-813d-9d16-e32634e9a25d" executionId="512d483f-c0d3-4b14-afab-347baa595cd4" testListId="8c84fa94-04c1-424b-9868-57a2d4851a1d" />
    <TestEntry testId="1313d8b5-000c-88d5-9481-1cd20b34bbc0" executionId="a75fe4ba-7bb4-48f0-bcc1-55c810e04c54" testListId="8c84fa94-04c1-424b-9868-57a2d4851a1d" />
    <TestEntry testId="1461af25-b904-85a6-bc2f-6828a4a50d5f" executionId="a963f1a8-2ad4-46e7-b83d-becef40c4a8b" testListId="8c84fa94-04c1-424b-9868-57a2d4851a1d" />
    <TestEntry testId="1dc84252-7eee-8721-919d-538414514f7c" executionId="4643eeac-6659-42dd-bffb-da6b0a04fa93" testListId="8c84fa94-04c1-424b-9868-57a2d4851a1d" />
    <TestEntry testId="1dd7c0f1-720c-8e7f-923f-37e60e2e99e9" executionId="76610e64-1f0d-4030-ae2d-6904e7702016" testListId="8c84fa94-04c1-424b-9868-57a2d4851a1d" />
    <TestEntry testId="13743b3c-231b-8e59-af29-fd1e7b0d3555" executionId="233879c9-660c-4549-a4a4-e3e46c573f5d" testListId="8c84fa94-04c1-424b-9868-57a2d4851a1d" />
    <TestEntry testId="1d8d0e3c-913c-872b-8997-26043c54e499" executionId="924d5d9d-48d4-4636-a437-d94351d0aeb4" testListId="8c84fa94-04c1-424b-9868-57a2d4851a1d" />
    <TestEntry testId="14115de5-1fb5-84e2-a81f-487f8fb41a32" executionId="6afc829b-555e-49a1-8103-a6a93b54340f" testListId="8c84fa94-04c1-424b-9868-57a2d4851a1d" />
    <TestEntry testId="13cd63ff-f535-827a-8fa0-ea30738cf41a" executionId="148c7030-2789-4be9-a9f6-dd5598a1b0c2" testListId="8c84fa94-04c1-424b-9868-57a2d4851a1d" />
    <TestEntry testId="1da85d44-d134-8207-bac7-ca5892bc8dc3" executionId="8ac9d357-6856-4451-af70-c5709bf29415" testListId="8c84fa94-04c1-424b-9868-57a2d4851a1d" />
    <TestEntry testId="1770f381-8fdf-8425-a5af-0e5efe810868" executionId="f2239803-7823-41ed-9837-dedd3ecad592" testListId="8c84fa94-04c1-424b-9868-57a2d4851a1d" />
    <TestEntry testId="12e068aa-bd34-816a-8064-cfe59dd97006" executionId="a9b7454c-0829-4cd1-96a7-8645534faad3" testListId="8c84fa94-04c1-424b-9868-57a2d4851a1d" />
    <TestEntry testId="1a18890f-a91a-8886-b254-19d85ee74b53" executionId="2d986dd9-4e72-4a2c-b5a7-83faf8cc0df2" testListId="8c84fa94-04c1-424b-9868-57a2d4851a1d" />
    <TestEntry testId="19e1f972-8997-8fbf-bc42-4082cc72d6e9" executionId="84618278-88a1-49d4-bc65-4f54d3f5f037" testListId="8c84fa94-04c1-424b-9868-57a2d4851a1d" />
    <TestEntry testId="15fb1239-bd64-83c7-a33c-fb0889d2619f" executionId="6096293a-1c6d-4700-9f38-a2f1acd68fac" testListId="8c84fa94-04c1-424b-9868-57a2d4851a1d" />
    <TestEntry testId="15163ddd-8ad6-812c-bd30-a8112e398de5" executionId="710b3f40-fe54-44be-86fd-7da2ef710c74" testListId="8c84fa94-04c1-424b-9868-57a2d4851a1d" />
    <TestEntry testId="14fc6c04-97bf-805a-a7f3-89d855e2641b" executionId="806e5886-2b0e-4f93-bb4b-e7f4bdec4440" testListId="8c84fa94-04c1-424b-9868-57a2d4851a1d" />
    <TestEntry testId="1c632c2c-fb22-8bb2-bf8d-380637cbd86c" executionId="b9158e47-9d79-44f6-a566-68acd9b2b7b5" testListId="8c84fa94-04c1-424b-9868-57a2d4851a1d" />
    <TestEntry testId="107021ed-e128-88cf-bdbd-a08f623fbe9c" executionId="44dfbf58-3c28-4f50-8755-9aa74414fa4f" testListId="8c84fa94-04c1-424b-9868-57a2d4851a1d" />
    <TestEntry testId="15afb808-4e6d-8a02-88df-d35015723aec" executionId="df8e4229-29dd-4bf1-b317-b5c67d6811e1" testListId="8c84fa94-04c1-424b-9868-57a2d4851a1d" />
    <TestEntry testId="1646e34f-eb22-8ee6-9a86-b90faa167296" executionId="080efb1f-964a-4d52-b6ee-8e8eaef0ad1a" testListId="8c84fa94-04c1-424b-9868-57a2d4851a1d" />
    <TestEntry testId="1765e2ee-6f6d-86ca-9ecf-ff636f7267d8" executionId="d31648fa-a472-4b50-9c63-7bfef9682951" testListId="8c84fa94-04c1-424b-9868-57a2d4851a1d" />
    <TestEntry testId="128a6773-3955-857b-befc-c90f564c904f" executionId="2a25e4f5-9a68-4efb-a577-04f0986030df" testListId="8c84fa94-04c1-424b-9868-57a2d4851a1d" />
    <TestEntry testId="1cd8d009-3440-8aed-a2d9-95e4a5fefee3" executionId="22ffcc6c-2639-486d-92d9-efdbff0f19c1" testListId="8c84fa94-04c1-424b-9868-57a2d4851a1d" />
    <TestEntry testId="1d45da84-d575-8ab1-8caf-86bce9974643" executionId="307f061e-239d-4372-8e88-0eba5829b460" testListId="8c84fa94-04c1-424b-9868-57a2d4851a1d" />
    <TestEntry testId="1c2012d4-07f4-8102-8a49-7a77e29f4f42" executionId="7996032a-5e97-4e3d-a5eb-6396535c632f" testListId="8c84fa94-04c1-424b-9868-57a2d4851a1d" />
    <TestEntry testId="13fa6540-9138-8d5d-9578-cdef2d6bb75f" executionId="546e945b-8fcd-4750-8e68-a49aff39a124" testListId="8c84fa94-04c1-424b-9868-57a2d4851a1d" />
    <TestEntry testId="18ed3950-9084-8dc7-87cf-ca223129d25f" executionId="04ed1c1b-e33d-4d96-bdad-02c394b0f94c" testListId="8c84fa94-04c1-424b-9868-57a2d4851a1d" />
    <TestEntry testId="17f10a1f-4ea9-8d99-b1af-14fc13ad3bc7" executionId="e058cfd7-9a1c-406c-8dc1-5ca0ed29e1de" testListId="8c84fa94-04c1-424b-9868-57a2d4851a1d" />
    <TestEntry testId="1d2aea7a-122d-88f0-bd59-20be9444c511" executionId="9d2c58be-eb35-4fc7-9fc4-fc9c99e481c7" testListId="8c84fa94-04c1-424b-9868-57a2d4851a1d" />
    <TestEntry testId="18c5e0da-3d2e-83ac-a6b1-b246886a7453" executionId="7922858f-fe6b-4869-9b57-8148bae53669" testListId="8c84fa94-04c1-424b-9868-57a2d4851a1d" />
    <TestEntry testId="1ff05017-66fa-89cf-9609-fc41ba31e6b5" executionId="c806b9ab-0c4e-4e1d-9730-b11c2f352e4d" testListId="8c84fa94-04c1-424b-9868-57a2d4851a1d" />
    <TestEntry testId="11c7e776-b4c4-8e9d-8936-ad9f32930b6c" executionId="a8a8e5ff-e11b-42be-8796-390a3a8e132b" testListId="8c84fa94-04c1-424b-9868-57a2d4851a1d" />
    <TestEntry testId="14b6265e-f5de-8a3a-9212-9bb97a78ae31" executionId="b511e5bd-41cf-4810-8778-695eb528a983" testListId="8c84fa94-04c1-424b-9868-57a2d4851a1d" />
    <TestEntry testId="1e096816-6d19-8c82-bead-1e9a5c975988" executionId="b40f5edb-3e3b-4fbf-b4b9-0fb5f0e15aed" testListId="8c84fa94-04c1-424b-9868-57a2d4851a1d" />
  </TestEntries>
  <TestLists>
    <TestList name="Results Not in a List" id="8c84fa94-04c1-424b-9868-57a2d4851a1d" />
    <TestList name="All Loaded Results" id="19431567-8539-422a-85d7-44ee4e166bda" />
  </TestLists>
  <ResultSummary outcome="Completed">
    <Counters total="101" executed="101" passed="101" failed="0" error="0" timeout="0" aborted="0" inconclusive="0" passedButRunAborted="0" notRunnable="0" notExecuted="0" disconnected="0" warning="0" completed="0" inProgress="0" pending="0" />
    <Output>
      <StdOut>[15:12:04 INF] HTTP GET /health responded 200 in 40.3830 ms&#xD;
[15:12:04 INF] HTTP GET /api/calendar-owners/me responded 401 in 28.8529 ms&#xD;
[15:12:04 INF] HTTP GET /api/does-not-exist responded 404 in 5.1500 ms&#xD;
[15:12:05 INF] HTTP GET /swagger/v1/swagger.json responded 200 in 55.4489 ms&#xD;
[15:12:05 WRN] Failed to determine the https port for redirect.&#xD;
[15:12:06 INF] HTTP POST /api/admin/peer-connections/da226f08-03a0-48d7-8cd6-de6bdce7240a/rotate-key responded 200 in 37.6944 ms&#xD;
[15:12:06 INF] Test was not authenticated. Failure message: Invalid test authorization header.&#xD;
[15:12:06 INF] PeerApiKey was not authenticated. Failure message: Invalid API key.&#xD;
[15:12:06 INF] PeerApiKey was not authenticated. Failure message: Invalid API key.&#xD;
[15:12:06 INF] AuthenticationScheme: PeerApiKey was challenged.&#xD;
[15:12:06 INF] HTTP GET /api/sync/busy-slots/582f2ed4-c2e8-4c80-a5f9-e7c33e422f8d responded 401 in 52.7535 ms&#xD;
[15:12:06 INF] Test was not authenticated. Failure message: Invalid test authorization header.&#xD;
[15:12:06 INF] Obfuscation audit completed for calendar owner c197905f-db0a-48ed-9dd2-3517b6b517c6 in Client context: 0 event(s) -&gt; 0 busy slot(s). Transformers: remove-source-label -&gt; remove-title -&gt; remove-description -&gt; remove-location -&gt; remove-attendees -&gt; round-times -&gt; merge-blocks&#xD;
[15:12:06 INF] Returning 0 obfuscated busy slots for calendar owner c197905f-db0a-48ed-9dd2-3517b6b517c6&#xD;
[15:12:06 INF] HTTP GET /api/sync/busy-slots/582f2ed4-c2e8-4c80-a5f9-e7c33e422f8d responded 200 in 139.2151 ms&#xD;
[15:12:07 INF] HTTP POST /api/peer-connections/request responded 201 in 13.7739 ms&#xD;
[15:12:07 INF] HTTP POST /api/admin/peer-connections/2ba9f9ac-215e-43c1-a06d-b1c6dfac3d6f/approve responded 400 in 7.8671 ms&#xD;
[15:12:07 INF] HTTP POST /api/admin/peer-connections/fb387ded-04db-4edf-8db5-87311d4d30bf/rotate-key responded 200 in 31.7051 ms&#xD;
[15:12:07 INF] HTTP POST /api/calendar-owners/00eb59b0-4395-4077-97e4-5458e7257813/ical-feeds responded 400 in 17.5832 ms&#xD;
[15:12:08 INF] HTTP GET /api/calendar-owners/f517268e-b0d2-45c0-985f-af6e89c5c641/merged-freebusy responded 401 in 11.7452 ms&#xD;
[15:12:08 INF] HTTP GET /api/calendar-owners/4fdf686f-5135-438a-a81f-84a1ddaafeb8/merged-freebusy responded 404 in 14.4541 ms&#xD;
[15:12:08 INF] Stored owner-scoped shadow slots for peer&#xD;
[15:12:08 INF] Stored 2 pushed shadow slots for peer peer-a across 1 owner scope(s)&#xD;
[15:12:08 INF] HTTP POST /api/shadow-slots responded 201 in 105.5904 ms&#xD;
[15:12:09 INF] PeerApiKey was not authenticated. Failure message: Invalid API key.&#xD;
[15:12:09 INF] PeerApiKey was not authenticated. Failure message: Invalid API key.&#xD;
[15:12:09 INF] AuthenticationScheme: PeerApiKey was challenged.&#xD;
[15:12:09 INF] HTTP POST /api/shadow-slots responded 401 in 99.0703 ms&#xD;
[15:12:09 INF] AuthenticationScheme: PeerApiKey was challenged.&#xD;
[15:12:09 INF] HTTP POST /api/shadow-slots responded 401 in 4.4496 ms&#xD;
[15:12:10 INF] AuthenticationScheme: PeerApiKey was forbidden.&#xD;
[15:12:10 INF] HTTP POST /api/shadow-slots responded 403 in 128.0724 ms&#xD;
[15:12:11 INF] PeerApiKey was not authenticated. Failure message: Invalid API key.&#xD;
[15:12:11 INF] PeerApiKey was not authenticated. Failure message: Invalid API key.&#xD;
[15:12:11 INF] AuthenticationScheme: PeerApiKey was challenged.&#xD;
[15:12:11 INF] HTTP POST /api/shadow-slots responded 401 in 156.3009 ms&#xD;
[15:12:11 INF] Stored owner-scoped shadow slots for peer&#xD;
[15:12:11 INF] Stored owner-scoped shadow slots for peer&#xD;
[15:12:11 INF] Stored owner-scoped shadow slots for peer&#xD;
[15:12:11 INF] Stored owner-scoped shadow slots for peer&#xD;
[15:12:11 INF] Stored 1 pushed shadow slots for peer peer-a across 4 owner scope(s)&#xD;
[15:12:11 INF] HTTP POST /api/shadow-slots responded 201 in 56.1989 ms&#xD;
[15:12:11 WRN] Rate limit exceeded for peer:peer-a on POST /api/shadow-slots&#xD;
[15:12:11 INF] HTTP POST /api/shadow-slots responded 429 in 45.1052 ms&#xD;
[15:12:11 INF] Stored owner-scoped shadow slots for peer&#xD;
[15:12:11 INF] Stored 1 pushed shadow slots for peer peer-b across 1 owner scope(s)&#xD;
[15:12:11 INF] HTTP POST /api/shadow-slots responded 201 in 88.7803 ms&#xD;
[15:12:12 INF] Stored owner-scoped shadow slots for peer&#xD;
[15:12:12 INF] Stored owner-scoped shadow slots for peer&#xD;
[15:12:12 INF] Stored owner-scoped shadow slots for peer&#xD;
[15:12:12 INF] Stored owner-scoped shadow slots for peer&#xD;
[15:12:12 INF] Stored owner-scoped shadow slots for peer&#xD;
[15:12:12 INF] Stored owner-scoped shadow slots for peer&#xD;
[15:12:12 INF] Stored owner-scoped shadow slots for peer&#xD;
[15:12:12 INF] Stored 1 pushed shadow slots for peer peer-a across 7 owner scope(s)&#xD;
[15:12:12 INF] HTTP POST /api/shadow-slots responded 201 in 117.4953 ms&#xD;
[15:12:12 WRN] Rate limit exceeded for peer:peer-a on POST /api/shadow-slots&#xD;
[15:12:12 INF] HTTP POST /api/shadow-slots responded 429 in 107.9721 ms&#xD;
[15:12:12 INF] Obfuscation audit completed for calendar owner b3c8af65-10d9-494b-a15a-7e78869a6c0a in Client context: 1 event(s) -&gt; 1 busy slot(s). Transformers: remove-source-label -&gt; remove-title -&gt; remove-description -&gt; remove-location -&gt; remove-attendees -&gt; round-times -&gt; merge-blocks&#xD;
[15:12:12 INF] Returning 1 obfuscated busy slots for calendar owner b3c8af65-10d9-494b-a15a-7e78869a6c0a&#xD;
[15:12:12 INF] HTTP GET /api/sync/busy-slots/8529968c-9c9b-4399-96f2-865aaa7fd705 responded 200 in 122.2357 ms&#xD;
[15:12:12 WRN] Rate limit exceeded for peer:peer-a on GET /api/sync/busy-slots/8529968c-9c9b-4399-96f2-865aaa7fd705&#xD;
[15:12:12 INF] HTTP GET /api/sync/busy-slots/8529968c-9c9b-4399-96f2-865aaa7fd705 responded 429 in 103.0606 ms&#xD;
[15:12:13 INF] Stored owner-scoped shadow slots for peer&#xD;
[15:12:13 INF] Stored owner-scoped shadow slots for peer&#xD;
[15:12:13 INF] Stored owner-scoped shadow slots for peer&#xD;
[15:12:13 INF] Stored owner-scoped shadow slots for peer&#xD;
[15:12:13 INF] Stored owner-scoped shadow slots for peer&#xD;
[15:12:13 INF] Stored owner-scoped shadow slots for peer&#xD;
[15:12:13 INF] Stored owner-scoped shadow slots for peer&#xD;
[15:12:13 INF] Stored owner-scoped shadow slots for peer&#xD;
[15:12:13 INF] Stored 1 pushed shadow slots for peer peer-a across 8 owner scope(s)&#xD;
[15:12:13 INF] HTTP POST /api/shadow-slots responded 201 in 118.0085 ms&#xD;
[15:12:13 INF] Stored owner-scoped shadow slots for peer&#xD;
[15:12:13 INF] Stored owner-scoped shadow slots for peer&#xD;
[15:12:13 INF] Stored owner-scoped shadow slots for peer&#xD;
[15:12:13 INF] Stored owner-scoped shadow slots for peer&#xD;
[15:12:13 INF] Stored owner-scoped shadow slots for peer&#xD;
[15:12:13 INF] Stored owner-scoped shadow slots for peer&#xD;
[15:12:13 INF] Stored owner-scoped shadow slots for peer&#xD;
[15:12:13 INF] Stored owner-scoped shadow slots for peer&#xD;
[15:12:13 INF] Stored owner-scoped shadow slots for peer&#xD;
[15:12:13 INF] AuthenticationScheme: Test was challenged.&#xD;
[15:12:13 INF] HTTP GET /api/sync/peers responded 401 in 6.8202 ms&#xD;
[15:12:13 INF] AuthenticationScheme: Test was challenged.&#xD;
[15:12:13 INF] HTTP POST /api/sync/trigger responded 401 in 1.3957 ms&#xD;
</StdOut>
    </Output>
  </ResultSummary>
</TestRun>